[0.011s] Invoking command in '/home/ubuntu/ros_ws/build/ros2_gazebo_template': CMAKE_PREFIX_PATH=/opt/ros/humble /usr/bin/cmake /home/ubuntu/ros_ws/src/ros2_gazebo_template -DCMAKE_INSTALL_PREFIX=/home/ubuntu/ros_ws/install/ros2_gazebo_template
[0.017s] -- Found ament_cmake: 1.3.3 (/opt/ros/humble/share/ament_cmake/cmake)
[0.111s] -- Found ament_lint_auto: 0.12.5 (/opt/ros/humble/share/ament_lint_auto/cmake)
[0.457s] -- Found rosidl_generator_c: 3.1.4 (/opt/ros/humble/share/rosidl_generator_c/cmake)
[0.458s] -- Found rosidl_adapter: 3.1.4 (/opt/ros/humble/share/rosidl_adapter/cmake)
[0.462s] -- Found rosidl_generator_cpp: 3.1.4 (/opt/ros/humble/share/rosidl_generator_cpp/cmake)
[0.469s] -- Using all available rosidl_typesupport_c: rosidl_typesupport_fastrtps_c;rosidl_typesupport_introspection_c
[0.477s] -- Using all available rosidl_typesupport_cpp: rosidl_typesupport_fastrtps_cpp;rosidl_typesupport_introspection_cpp
[0.610s] -- Found gazebo_dev: 3.7.0 (/opt/ros/humble/share/gazebo_dev/cmake)
[0.626s] -- Found DART: /usr/include (Required is at least version "6.6") found components: dart 
[0.645s] -- Found Protobuf: /usr/lib/x86_64-linux-gnu/libprotobuf.so (found version "3.12.4") 
[0.646s] -- Looking for ignition-math6 -- found version 6.12.0
[0.649s] -- Searching for dependencies of ignition-math6
[0.649s] -- Looking for OGRE...
[0.654s] -- Found Ogre Ghadamon (1.9.0)
[0.655s] -- Found OGRE: optimized;/usr/lib/x86_64-linux-gnu/libOgreMain.so;debug;/usr/lib/x86_64-linux-gnu/libOgreMain.so
[0.664s] -- Looking for OGRE_Paging...
[0.664s] -- Found OGRE_Paging: optimized;/usr/lib/x86_64-linux-gnu/libOgrePaging.so;debug;/usr/lib/x86_64-linux-gnu/libOgrePaging.so
[0.664s] -- Looking for OGRE_Terrain...
[0.664s] -- Found OGRE_Terrain: optimized;/usr/lib/x86_64-linux-gnu/libOgreTerrain.so;debug;/usr/lib/x86_64-linux-gnu/libOgreTerrain.so
[0.664s] -- Looking for OGRE_Property...
[0.665s] -- Found OGRE_Property: optimized;/usr/lib/x86_64-linux-gnu/libOgreProperty.so;debug;/usr/lib/x86_64-linux-gnu/libOgreProperty.so
[0.665s] -- Looking for OGRE_RTShaderSystem...
[0.665s] -- Found OGRE_RTShaderSystem: optimized;/usr/lib/x86_64-linux-gnu/libOgreRTShaderSystem.so;debug;/usr/lib/x86_64-linux-gnu/libOgreRTShaderSystem.so
[0.665s] -- Looking for OGRE_Volume...
[0.665s] -- Found OGRE_Volume: optimized;/usr/lib/x86_64-linux-gnu/libOgreVolume.so;debug;/usr/lib/x86_64-linux-gnu/libOgreVolume.so
[0.666s] -- Looking for OGRE_Overlay...
[0.666s] -- Found OGRE_Overlay: optimized;/usr/lib/x86_64-linux-gnu/libOgreOverlay.so;debug;/usr/lib/x86_64-linux-gnu/libOgreOverlay.so
[50.496s] -- Looking for ignition-math6 -- found version 6.12.0
[50.496s] -- Looking for ignition-transport8 -- found version 8.2.1
[50.496s] -- Searching for dependencies of ignition-transport8
[53.626s] -- Found Protobuf: /usr/lib/x86_64-linux-gnu/libprotobuf.so (found suitable version "3.12.4", minimum required is "3") 
[56.801s] -- Config-file not installed for ZeroMQ -- checking for pkg-config
[56.805s] -- Checking for module 'libzmq >= 4'
[56.811s] --   Found libzmq , version 4.3.4
[56.830s] -- Checking for module 'uuid'
[56.839s] --   Found uuid, version 2.37.2
[56.864s] -- Looking for ignition-msgs5 -- found version 5.8.1
[56.864s] -- Searching for dependencies of ignition-msgs5
[59.905s] -- Looking for ignition-math6 -- found version 6.12.0
[59.910s] -- Checking for module 'tinyxml2'
[59.923s] --   Found tinyxml2, version 9.0.0
[59.944s] -- Looking for ignition-msgs5 -- found version 5.8.1
[59.944s] -- Looking for ignition-common3 -- found version 3.14.0
[59.945s] -- Searching for dependencies of ignition-common3
[59.945s] -- Looking for dlfcn.h - found
[59.945s] -- Looking for libdl - found
[60.163s] -- Searching for <ignition-common3> component [graphics]
[60.164s] -- Looking for ignition-common3-graphics -- found version 3.14.0
[60.164s] -- Searching for dependencies of ignition-common3-graphics
[60.164s] -- Looking for ignition-math6 -- found version 6.12.0
[60.165s] -- Looking for ignition-fuel_tools4 -- found version 4.4.0
[60.166s] -- Searching for dependencies of ignition-fuel_tools4
[63.798s] -- Checking for module 'jsoncpp'
[63.805s] --   Found jsoncpp, version 1.9.5
[63.821s] -- Checking for module 'libzip'
[63.826s] --   Found libzip, version 1.7.3
[63.848s] -- Looking for ignition-common3 -- found version 3.14.0
[63.849s] -- Looking for ignition-math6 -- found version 6.12.0
[63.849s] -- Looking for ignition-msgs5 -- found version 5.8.1
[63.851s] -- Gazebo version: 11.10
[63.851s] -- Found gazebo_msgs: 3.7.0 (/opt/ros/humble/share/gazebo_msgs/cmake)
[63.983s] -- Found gazebo_ros: 3.7.0 (/opt/ros/humble/share/gazebo_ros/cmake)
[64.014s] -- Found rmw_implementation_cmake: 6.1.1 (/opt/ros/humble/share/rmw_implementation_cmake/cmake)
[64.014s] -- Found rmw_fastrtps_cpp: 6.2.2 (/opt/ros/humble/share/rmw_fastrtps_cpp/cmake)
[76.875s] -- Using RMW implementation 'rmw_fastrtps_cpp' as default
[76.970s] -- Found camera_info_manager: 3.1.5 (/opt/ros/humble/share/camera_info_manager/cmake)
[76.999s] -- Found image_transport: 3.1.5 (/opt/ros/humble/share/image_transport/cmake)
[80.029s] -- Found nav_msgs: 4.2.3 (/opt/ros/humble/share/nav_msgs/cmake)
[80.082s] -- Found std_srvs: 4.2.3 (/opt/ros/humble/share/std_srvs/cmake)
[80.092s] -- Found tf2: 0.25.2 (/opt/ros/humble/share/tf2/cmake)
[80.097s] -- Found tf2_ros: 0.25.2 (/opt/ros/humble/share/tf2_ros/cmake)
[80.294s] -- Found tf2_geometry_msgs: 0.25.2 (/opt/ros/humble/share/tf2_geometry_msgs/cmake)
[80.296s] -- Found eigen3_cmake_module: 0.1.1 (/opt/ros/humble/share/eigen3_cmake_module/cmake)
[80.297s] -- Ensuring Eigen3 include directory is part of orocos-kdl CMake target
[80.326s] -- Added test 'cppcheck' to perform static code analysis on C / C++ code
[80.326s] -- Configured cppcheck include dirs: /home/ubuntu/ros_ws/src/ros2_gazebo_template/include
[80.326s] -- Configured cppcheck exclude dirs and/or files: 
[80.327s] -- Added test 'lint_cmake' to check CMake code style
[80.327s] -- Added test 'uncrustify' to check C / C++ code style
[80.327s] -- Configured uncrustify additional arguments: 
[80.327s] -- Added test 'xmllint' to check XML markup files
[80.329s] -- Configuring done
[80.334s] [31mCMake Error at CMakeLists.txt:55 (add_library):
[80.334s]   Cannot find source file:
[80.334s] 
[80.334s]     ros2_gazebo_template.cpp
[80.334s] 
[80.334s]   Tried extensions .c .C .c++ .cc .cpp .cxx .cu .mpp .m .M .mm .ixx .cppm .h
[80.334s]   .hh .h++ .hm .hpp .hxx .in .txx .f .F .for .f77 .f90 .f95 .f03 .hip .ispc
[80.334s] 
[80.334s] [0m
[80.335s] [31mCMake Error at CMakeLists.txt:55 (add_library):
[80.335s]   No SOURCES given to target: ros2_gazebo_template
[80.336s] 
[80.336s] [0m
[80.336s] [0mCMake Generate step failed.  Build files cannot be regenerated correctly.[0m
[80.345s] Invoked command in '/home/ubuntu/ros_ws/build/ros2_gazebo_template' returned '1': CMAKE_PREFIX_PATH=/opt/ros/humble /usr/bin/cmake /home/ubuntu/ros_ws/src/ros2_gazebo_template -DCMAKE_INSTALL_PREFIX=/home/ubuntu/ros_ws/install/ros2_gazebo_template
