[0.011s] Invoking command in '/home/ubuntu/ros_ws/build/ros2_gazebo_template': CMAKE_PREFIX_PATH=/opt/ros/humble /usr/bin/cmake --build /home/ubuntu/ros_ws/build/ros2_gazebo_template -- -j20 -l20
[0.056s] -- Found ament_cmake: 1.3.3 (/opt/ros/humble/share/ament_cmake/cmake)
[0.150s] -- Found ament_lint_auto: 0.12.5 (/opt/ros/humble/share/ament_lint_auto/cmake)
[0.454s] -- Found rosidl_generator_c: 3.1.4 (/opt/ros/humble/share/rosidl_generator_c/cmake)
[0.456s] -- Found rosidl_adapter: 3.1.4 (/opt/ros/humble/share/rosidl_adapter/cmake)
[0.462s] -- Found rosidl_generator_cpp: 3.1.4 (/opt/ros/humble/share/rosidl_generator_cpp/cmake)
[0.471s] -- Using all available rosidl_typesupport_c: rosidl_typesupport_fastrtps_c;rosidl_typesupport_introspection_c
[0.485s] -- Using all available rosidl_typesupport_cpp: rosidl_typesupport_fastrtps_cpp;rosidl_typesupport_introspection_cpp
[0.629s] -- Found gazebo_dev: 3.7.0 (/opt/ros/humble/share/gazebo_dev/cmake)
[0.655s] -- Found DART: /usr/include (Required is at least version "6.6") found components: dart 
[0.678s] -- Found Protobuf: /usr/lib/x86_64-linux-gnu/libprotobuf.so (found version "3.12.4") 
[0.679s] -- Looking for ignition-math6 -- found version 6.12.0
[0.684s] -- Searching for dependencies of ignition-math6
[0.686s] -- Looking for OGRE...
[0.689s] -- Found Ogre Ghadamon (1.9.0)
[0.689s] -- Found OGRE: optimized;/usr/lib/x86_64-linux-gnu/libOgreMain.so;debug;/usr/lib/x86_64-linux-gnu/libOgreMain.so
[0.696s] -- Looking for OGRE_Paging...
[0.696s] -- Found OGRE_Paging: optimized;/usr/lib/x86_64-linux-gnu/libOgrePaging.so;debug;/usr/lib/x86_64-linux-gnu/libOgrePaging.so
[0.696s] -- Looking for OGRE_Terrain...
[0.696s] -- Found OGRE_Terrain: optimized;/usr/lib/x86_64-linux-gnu/libOgreTerrain.so;debug;/usr/lib/x86_64-linux-gnu/libOgreTerrain.so
[0.696s] -- Looking for OGRE_Property...
[0.696s] -- Found OGRE_Property: optimized;/usr/lib/x86_64-linux-gnu/libOgreProperty.so;debug;/usr/lib/x86_64-linux-gnu/libOgreProperty.so
[0.696s] -- Looking for OGRE_RTShaderSystem...
[0.696s] -- Found OGRE_RTShaderSystem: optimized;/usr/lib/x86_64-linux-gnu/libOgreRTShaderSystem.so;debug;/usr/lib/x86_64-linux-gnu/libOgreRTShaderSystem.so
[0.696s] -- Looking for OGRE_Volume...
[0.696s] -- Found OGRE_Volume: optimized;/usr/lib/x86_64-linux-gnu/libOgreVolume.so;debug;/usr/lib/x86_64-linux-gnu/libOgreVolume.so
[0.697s] -- Looking for OGRE_Overlay...
[0.697s] -- Found OGRE_Overlay: optimized;/usr/lib/x86_64-linux-gnu/libOgreOverlay.so;debug;/usr/lib/x86_64-linux-gnu/libOgreOverlay.so
[36.633s] -- Looking for ignition-math6 -- found version 6.12.0
[36.635s] -- Looking for ignition-transport8 -- found version 8.2.1
[36.636s] -- Searching for dependencies of ignition-transport8
[39.175s] -- Found Protobuf: /usr/lib/x86_64-linux-gnu/libprotobuf.so (found suitable version "3.12.4", minimum required is "3") 
[41.619s] -- Config-file not installed for ZeroMQ -- checking for pkg-config
[41.621s] -- Checking for module 'libzmq >= 4'
[41.639s] --   Found libzmq , version 4.3.4
[41.656s] -- Checking for module 'uuid'
[41.661s] --   Found uuid, version 2.37.2
[41.674s] -- Looking for ignition-msgs5 -- found version 5.8.1
[41.674s] -- Searching for dependencies of ignition-msgs5
[44.158s] -- Looking for ignition-math6 -- found version 6.12.0
[44.190s] -- Checking for module 'tinyxml2'
[44.196s] --   Found tinyxml2, version 9.0.0
[44.209s] -- Looking for ignition-msgs5 -- found version 5.8.1
[44.210s] -- Looking for ignition-common3 -- found version 3.14.0
[44.210s] -- Searching for dependencies of ignition-common3
[44.211s] -- Looking for dlfcn.h - found
[44.211s] -- Looking for libdl - found
[44.364s] -- Searching for <ignition-common3> component [graphics]
[44.365s] -- Looking for ignition-common3-graphics -- found version 3.14.0
[44.365s] -- Searching for dependencies of ignition-common3-graphics
[44.365s] -- Looking for ignition-math6 -- found version 6.12.0
[44.366s] -- Looking for ignition-fuel_tools4 -- found version 4.4.0
[44.367s] -- Searching for dependencies of ignition-fuel_tools4
[47.121s] -- Checking for module 'jsoncpp'
[47.127s] --   Found jsoncpp, version 1.9.5
[47.143s] -- Checking for module 'libzip'
[47.147s] --   Found libzip, version 1.7.3
[47.159s] -- Looking for ignition-common3 -- found version 3.14.0
[47.159s] -- Looking for ignition-math6 -- found version 6.12.0
[47.159s] -- Looking for ignition-msgs5 -- found version 5.8.1
[47.161s] -- Gazebo version: 11.10
[47.162s] -- Found gazebo_msgs: 3.7.0 (/opt/ros/humble/share/gazebo_msgs/cmake)
[47.301s] -- Found gazebo_ros: 3.7.0 (/opt/ros/humble/share/gazebo_ros/cmake)
[47.349s] -- Found rmw_implementation_cmake: 6.1.1 (/opt/ros/humble/share/rmw_implementation_cmake/cmake)
[47.351s] -- Found rmw_fastrtps_cpp: 6.2.2 (/opt/ros/humble/share/rmw_fastrtps_cpp/cmake)
[56.874s] -- Using RMW implementation 'rmw_fastrtps_cpp' as default
[56.982s] -- Found camera_info_manager: 3.1.5 (/opt/ros/humble/share/camera_info_manager/cmake)
[57.011s] -- Found image_transport: 3.1.5 (/opt/ros/humble/share/image_transport/cmake)
[59.360s] -- Found nav_msgs: 4.2.3 (/opt/ros/humble/share/nav_msgs/cmake)
[59.413s] -- Found std_srvs: 4.2.3 (/opt/ros/humble/share/std_srvs/cmake)
[59.425s] -- Found tf2: 0.25.2 (/opt/ros/humble/share/tf2/cmake)
[59.431s] -- Found tf2_ros: 0.25.2 (/opt/ros/humble/share/tf2_ros/cmake)
[59.639s] -- Found tf2_geometry_msgs: 0.25.2 (/opt/ros/humble/share/tf2_geometry_msgs/cmake)
[59.642s] -- Found eigen3_cmake_module: 0.1.1 (/opt/ros/humble/share/eigen3_cmake_module/cmake)
[59.643s] -- Ensuring Eigen3 include directory is part of orocos-kdl CMake target
[59.670s] -- Added test 'cppcheck' to perform static code analysis on C / C++ code
[59.670s] -- Configured cppcheck include dirs: /home/ubuntu/ros_ws/src/ros2_gazebo_template/include
[59.670s] -- Configured cppcheck exclude dirs and/or files: 
[59.671s] -- Added test 'lint_cmake' to check CMake code style
[59.672s] -- Added test 'uncrustify' to check C / C++ code style
[59.672s] -- Configured uncrustify additional arguments: 
[59.672s] -- Added test 'xmllint' to check XML markup files
[59.676s] -- Configuring done
[59.697s] -- Generating done
[59.699s] -- Build files have been written to: /home/ubuntu/ros_ws/build/ros2_gazebo_template
[59.716s] [35m[1mConsolidate compiler generated dependencies of target ros2_gazebo_template[0m
[59.743s] [100%] Built target ros2_gazebo_template
[59.748s] Invoked command in '/home/ubuntu/ros_ws/build/ros2_gazebo_template' returned '0': CMAKE_PREFIX_PATH=/opt/ros/humble /usr/bin/cmake --build /home/ubuntu/ros_ws/build/ros2_gazebo_template -- -j20 -l20
[59.764s] Invoking command in '/home/ubuntu/ros_ws/build/ros2_gazebo_template': CMAKE_PREFIX_PATH=/opt/ros/humble /usr/bin/cmake --install /home/ubuntu/ros_ws/build/ros2_gazebo_template
[59.767s] -- Install configuration: ""
[59.767s] -- Up-to-date: /home/ubuntu/ros_ws/install/ros2_gazebo_template/share/ros2_gazebo_template/environment/library_path.sh
[59.767s] -- Installing: /home/ubuntu/ros_ws/install/ros2_gazebo_template/share/ros2_gazebo_template/environment/library_path.dsv
[59.767s] -- Installing: /home/ubuntu/ros_ws/install/ros2_gazebo_template/share/ament_index/resource_index/package_run_dependencies/ros2_gazebo_template
[59.767s] -- Up-to-date: /home/ubuntu/ros_ws/install/ros2_gazebo_template/share/ament_index/resource_index/parent_prefix_path/ros2_gazebo_template
[59.767s] -- Up-to-date: /home/ubuntu/ros_ws/install/ros2_gazebo_template/share/ros2_gazebo_template/environment/ament_prefix_path.sh
[59.767s] -- Installing: /home/ubuntu/ros_ws/install/ros2_gazebo_template/share/ros2_gazebo_template/environment/ament_prefix_path.dsv
[59.768s] -- Up-to-date: /home/ubuntu/ros_ws/install/ros2_gazebo_template/share/ros2_gazebo_template/environment/path.sh
[59.768s] -- Installing: /home/ubuntu/ros_ws/install/ros2_gazebo_template/share/ros2_gazebo_template/environment/path.dsv
[59.768s] -- Up-to-date: /home/ubuntu/ros_ws/install/ros2_gazebo_template/share/ros2_gazebo_template/local_setup.bash
[59.768s] -- Up-to-date: /home/ubuntu/ros_ws/install/ros2_gazebo_template/share/ros2_gazebo_template/local_setup.sh
[59.768s] -- Up-to-date: /home/ubuntu/ros_ws/install/ros2_gazebo_template/share/ros2_gazebo_template/local_setup.zsh
[59.768s] -- Installing: /home/ubuntu/ros_ws/install/ros2_gazebo_template/share/ros2_gazebo_template/local_setup.dsv
[59.768s] -- Installing: /home/ubuntu/ros_ws/install/ros2_gazebo_template/share/ros2_gazebo_template/package.dsv
[59.768s] -- Up-to-date: /home/ubuntu/ros_ws/install/ros2_gazebo_template/share/ament_index/resource_index/packages/ros2_gazebo_template
[59.768s] -- Up-to-date: /home/ubuntu/ros_ws/install/ros2_gazebo_template/share/ros2_gazebo_template/cmake/ament_cmake_export_libraries-extras.cmake
[59.768s] -- Up-to-date: /home/ubuntu/ros_ws/install/ros2_gazebo_template/share/ros2_gazebo_template/cmake/ament_cmake_export_include_directories-extras.cmake
[59.769s] -- Up-to-date: /home/ubuntu/ros_ws/install/ros2_gazebo_template/share/ros2_gazebo_template/cmake/ament_cmake_export_dependencies-extras.cmake
[59.769s] -- Up-to-date: /home/ubuntu/ros_ws/install/ros2_gazebo_template/share/ros2_gazebo_template/cmake/ros2_gazebo_templateConfig.cmake
[59.769s] -- Up-to-date: /home/ubuntu/ros_ws/install/ros2_gazebo_template/share/ros2_gazebo_template/cmake/ros2_gazebo_templateConfig-version.cmake
[59.769s] -- Installing: /home/ubuntu/ros_ws/install/ros2_gazebo_template/share/ros2_gazebo_template/package.xml
[59.769s] Invoked command in '/home/ubuntu/ros_ws/build/ros2_gazebo_template' returned '0': CMAKE_PREFIX_PATH=/opt/ros/humble /usr/bin/cmake --install /home/ubuntu/ros_ws/build/ros2_gazebo_template
