running egg_info
writing ../../build/dolly_control_pub/dolly_control_pub.egg-info/PKG-INFO
writing dependency_links to ../../build/dolly_control_pub/dolly_control_pub.egg-info/dependency_links.txt
writing entry points to ../../build/dolly_control_pub/dolly_control_pub.egg-info/entry_points.txt
writing requirements to ../../build/dolly_control_pub/dolly_control_pub.egg-info/requires.txt
writing top-level names to ../../build/dolly_control_pub/dolly_control_pub.egg-info/top_level.txt
reading manifest file '../../build/dolly_control_pub/dolly_control_pub.egg-info/SOURCES.txt'
writing manifest file '../../build/dolly_control_pub/dolly_control_pub.egg-info/SOURCES.txt'
running build
running build_py
running install
running install_lib
/usr/lib/python3/dist-packages/setuptools/command/install.py:34: SetuptoolsDeprecationWarning: setup.py install is deprecated. Use build and pip and other standards-based tools.
  warnings.warn(
running install_data
running install_egg_info
removing '/home/ubuntu/ros_ws_python/install/dolly_control_pub/lib/python3.10/site-packages/dolly_control_pub-0.0.0-py3.10.egg-info' (and everything under it)
Copying ../../build/dolly_control_pub/dolly_control_pub.egg-info to /home/ubuntu/ros_ws_python/install/dolly_control_pub/lib/python3.10/site-packages/dolly_control_pub-0.0.0-py3.10.egg-info
running install_scripts
Installing talker script to /home/ubuntu/ros_ws_python/install/dolly_control_pub/lib/dolly_control_pub
writing list of installed files to '/home/ubuntu/ros_ws_python/build/dolly_control_pub/install.log'
