[0.007s] Invoking command in '/home/ubuntu/ros_ws/build/ros2_gazebo_template': CMAKE_PREFIX_PATH=/opt/ros/humble /usr/bin/cmake /home/ubuntu/ros_ws/src/ros2_gazebo_template -DCMAKE_INSTALL_PREFIX=/home/ubuntu/ros_ws/install/ros2_gazebo_template
[0.013s] -- Found ament_cmake: 1.3.3 (/opt/ros/humble/share/ament_cmake/cmake)
[0.118s] -- Found ament_lint_auto: 0.12.5 (/opt/ros/humble/share/ament_lint_auto/cmake)
[0.505s] -- Found rosidl_generator_c: 3.1.4 (/opt/ros/humble/share/rosidl_generator_c/cmake)
[0.508s] -- Found rosidl_adapter: 3.1.4 (/opt/ros/humble/share/rosidl_adapter/cmake)
[0.513s] -- Found rosidl_generator_cpp: 3.1.4 (/opt/ros/humble/share/rosidl_generator_cpp/cmake)
[0.520s] -- Using all available rosidl_typesupport_c: rosidl_typesupport_fastrtps_c;rosidl_typesupport_introspection_c
[0.529s] -- Using all available rosidl_typesupport_cpp: rosidl_typesupport_fastrtps_cpp;rosidl_typesupport_introspection_cpp
[0.662s] -- Found gazebo_dev: 3.7.0 (/opt/ros/humble/share/gazebo_dev/cmake)
[0.676s] -- Found DART: /usr/include (Required is at least version "6.6") found components: dart 
[0.696s] -- Found Protobuf: /usr/lib/x86_64-linux-gnu/libprotobuf.so (found version "3.12.4") 
[0.698s] -- Looking for ignition-math6 -- found version 6.12.0
[0.702s] -- Searching for dependencies of ignition-math6
[0.703s] -- Looking for OGRE...
[0.708s] -- Found Ogre Ghadamon (1.9.0)
[0.708s] -- Found OGRE: optimized;/usr/lib/x86_64-linux-gnu/libOgreMain.so;debug;/usr/lib/x86_64-linux-gnu/libOgreMain.so
[0.716s] -- Looking for OGRE_Paging...
[0.716s] -- Found OGRE_Paging: optimized;/usr/lib/x86_64-linux-gnu/libOgrePaging.so;debug;/usr/lib/x86_64-linux-gnu/libOgrePaging.so
[0.716s] -- Looking for OGRE_Terrain...
[0.716s] -- Found OGRE_Terrain: optimized;/usr/lib/x86_64-linux-gnu/libOgreTerrain.so;debug;/usr/lib/x86_64-linux-gnu/libOgreTerrain.so
[0.716s] -- Looking for OGRE_Property...
[0.716s] -- Found OGRE_Property: optimized;/usr/lib/x86_64-linux-gnu/libOgreProperty.so;debug;/usr/lib/x86_64-linux-gnu/libOgreProperty.so
[0.716s] -- Looking for OGRE_RTShaderSystem...
[0.717s] -- Found OGRE_RTShaderSystem: optimized;/usr/lib/x86_64-linux-gnu/libOgreRTShaderSystem.so;debug;/usr/lib/x86_64-linux-gnu/libOgreRTShaderSystem.so
[0.717s] -- Looking for OGRE_Volume...
[0.717s] -- Found OGRE_Volume: optimized;/usr/lib/x86_64-linux-gnu/libOgreVolume.so;debug;/usr/lib/x86_64-linux-gnu/libOgreVolume.so
[0.717s] -- Looking for OGRE_Overlay...
[0.717s] -- Found OGRE_Overlay: optimized;/usr/lib/x86_64-linux-gnu/libOgreOverlay.so;debug;/usr/lib/x86_64-linux-gnu/libOgreOverlay.so
[49.323s] -- Looking for ignition-math6 -- found version 6.12.0
[49.324s] -- Looking for ignition-transport8 -- found version 8.2.1
[49.324s] -- Searching for dependencies of ignition-transport8
[52.317s] -- Found Protobuf: /usr/lib/x86_64-linux-gnu/libprotobuf.so (found suitable version "3.12.4", minimum required is "3") 
[55.342s] -- Config-file not installed for ZeroMQ -- checking for pkg-config
[55.345s] -- Checking for module 'libzmq >= 4'
[55.350s] --   Found libzmq , version 4.3.4
[55.382s] -- Checking for module 'uuid'
[55.389s] --   Found uuid, version 2.37.2
[55.403s] -- Looking for ignition-msgs5 -- found version 5.8.1
[55.404s] -- Searching for dependencies of ignition-msgs5
[58.504s] -- Looking for ignition-math6 -- found version 6.12.0
[58.509s] -- Checking for module 'tinyxml2'
[58.519s] --   Found tinyxml2, version 9.0.0
[58.535s] -- Looking for ignition-msgs5 -- found version 5.8.1
[58.535s] -- Looking for ignition-common3 -- found version 3.14.0
[58.535s] -- Searching for dependencies of ignition-common3
[58.535s] -- Looking for dlfcn.h - found
[58.535s] -- Looking for libdl - found
[58.738s] -- Searching for <ignition-common3> component [graphics]
[58.739s] -- Looking for ignition-common3-graphics -- found version 3.14.0
[58.739s] -- Searching for dependencies of ignition-common3-graphics
[58.739s] -- Looking for ignition-math6 -- found version 6.12.0
[58.740s] -- Looking for ignition-fuel_tools4 -- found version 4.4.0
[58.740s] -- Searching for dependencies of ignition-fuel_tools4
[62.195s] -- Checking for module 'jsoncpp'
[62.201s] --   Found jsoncpp, version 1.9.5
[62.216s] -- Checking for module 'libzip'
[62.225s] --   Found libzip, version 1.7.3
[62.257s] -- Looking for ignition-common3 -- found version 3.14.0
[62.257s] -- Looking for ignition-math6 -- found version 6.12.0
[62.257s] -- Looking for ignition-msgs5 -- found version 5.8.1
[62.258s] -- Gazebo version: 11.10
[62.258s] -- Found gazebo_msgs: 3.7.0 (/opt/ros/humble/share/gazebo_msgs/cmake)
[62.389s] -- Found gazebo_ros: 3.7.0 (/opt/ros/humble/share/gazebo_ros/cmake)
[62.418s] -- Found rmw_implementation_cmake: 6.1.1 (/opt/ros/humble/share/rmw_implementation_cmake/cmake)
[62.419s] -- Found rmw_fastrtps_cpp: 6.2.2 (/opt/ros/humble/share/rmw_fastrtps_cpp/cmake)
[75.398s] -- Using RMW implementation 'rmw_fastrtps_cpp' as default
[75.485s] -- Found camera_info_manager: 3.1.5 (/opt/ros/humble/share/camera_info_manager/cmake)
[75.517s] -- Found image_transport: 3.1.5 (/opt/ros/humble/share/image_transport/cmake)
[78.752s] -- Found nav_msgs: 4.2.3 (/opt/ros/humble/share/nav_msgs/cmake)
[78.806s] -- Found std_srvs: 4.2.3 (/opt/ros/humble/share/std_srvs/cmake)
[78.815s] -- Found tf2: 0.25.2 (/opt/ros/humble/share/tf2/cmake)
[78.819s] -- Found tf2_ros: 0.25.2 (/opt/ros/humble/share/tf2_ros/cmake)
[79.028s] -- Found tf2_geometry_msgs: 0.25.2 (/opt/ros/humble/share/tf2_geometry_msgs/cmake)
[79.030s] -- Found eigen3_cmake_module: 0.1.1 (/opt/ros/humble/share/eigen3_cmake_module/cmake)
[79.031s] -- Ensuring Eigen3 include directory is part of orocos-kdl CMake target
[79.058s] -- Added test 'cppcheck' to perform static code analysis on C / C++ code
[79.058s] -- Configured cppcheck include dirs: /home/ubuntu/ros_ws/src/ros2_gazebo_template/include
[79.058s] -- Configured cppcheck exclude dirs and/or files: 
[79.058s] -- Added test 'lint_cmake' to check CMake code style
[79.058s] -- Added test 'uncrustify' to check C / C++ code style
[79.058s] -- Configured uncrustify additional arguments: 
[79.059s] -- Added test 'xmllint' to check XML markup files
[79.060s] -- Configuring done
[79.093s] -- Generating done
[79.096s] -- Build files have been written to: /home/ubuntu/ros_ws/build/ros2_gazebo_template
[79.118s] Invoked command in '/home/ubuntu/ros_ws/build/ros2_gazebo_template' returned '0': CMAKE_PREFIX_PATH=/opt/ros/humble /usr/bin/cmake /home/ubuntu/ros_ws/src/ros2_gazebo_template -DCMAKE_INSTALL_PREFIX=/home/ubuntu/ros_ws/install/ros2_gazebo_template
[79.120s] Invoking command in '/home/ubuntu/ros_ws/build/ros2_gazebo_template': CMAKE_PREFIX_PATH=/opt/ros/humble /usr/bin/cmake --build /home/ubuntu/ros_ws/build/ros2_gazebo_template -- -j20 -l20
[79.147s] [ 50%] [32mBuilding CXX object CMakeFiles/ros2_gazebo_template.dir/src/ros2_gazebo_template.cpp.o[0m
[80.538s] In file included from [01m[K/home/ubuntu/ros_ws/src/ros2_gazebo_template/src/ros2_gazebo_template.cpp:3[m[K:
[80.538s] [01m[K/opt/ros/humble/include/gazebo_plugins/gazebo_ros_elevator.hpp:19:10:[m[K [01;31m[Kfatal error: [m[Kstd_msgs/msg/string.hpp: 没有那个文件或目录
[80.538s]    19 | #include [01;31m[K<std_msgs/msg/string.hpp>[m[K
[80.538s]       |          [01;31m[K^~~~~~~~~~~~~~~~~~~~~~~~~[m[K
[80.538s] compilation terminated.
[80.543s] gmake[2]: *** [CMakeFiles/ros2_gazebo_template.dir/build.make:76：CMakeFiles/ros2_gazebo_template.dir/src/ros2_gazebo_template.cpp.o] 错误 1
[80.543s] gmake[1]: *** [CMakeFiles/Makefile2:137：CMakeFiles/ros2_gazebo_template.dir/all] 错误 2
[80.543s] gmake: *** [Makefile:146：all] 错误 2
[80.544s] Invoked command in '/home/ubuntu/ros_ws/build/ros2_gazebo_template' returned '2': CMAKE_PREFIX_PATH=/opt/ros/humble /usr/bin/cmake --build /home/ubuntu/ros_ws/build/ros2_gazebo_template -- -j20 -l20
