[35m[1mConsolidate compiler generated dependencies of target ros2_gazebo_template[0m
[ 50%] [32mBuilding CXX object CMakeFiles/ros2_gazebo_template.dir/src/ros2_gazebo_template.cpp.o[0m
[100%] [32m[1mLinking CXX shared library libros2_gazebo_template.so[0m
[100%] Built target ros2_gazebo_template
-- Install configuration: ""
-- Up-to-date: /home/ubuntu/ros_ws/install/ros2_gazebo_template/share/ros2_gazebo_template/environment/library_path.sh
-- Up-to-date: /home/ubuntu/ros_ws/install/ros2_gazebo_template/share/ros2_gazebo_template/environment/library_path.dsv
-- Up-to-date: /home/ubuntu/ros_ws/install/ros2_gazebo_template/share/ament_index/resource_index/package_run_dependencies/ros2_gazebo_template
-- Up-to-date: /home/ubuntu/ros_ws/install/ros2_gazebo_template/share/ament_index/resource_index/parent_prefix_path/ros2_gazebo_template
-- Up-to-date: /home/ubuntu/ros_ws/install/ros2_gazebo_template/share/ros2_gazebo_template/environment/ament_prefix_path.sh
-- Up-to-date: /home/ubuntu/ros_ws/install/ros2_gazebo_template/share/ros2_gazebo_template/environment/ament_prefix_path.dsv
-- Up-to-date: /home/ubuntu/ros_ws/install/ros2_gazebo_template/share/ros2_gazebo_template/environment/path.sh
-- Up-to-date: /home/ubuntu/ros_ws/install/ros2_gazebo_template/share/ros2_gazebo_template/environment/path.dsv
-- Up-to-date: /home/ubuntu/ros_ws/install/ros2_gazebo_template/share/ros2_gazebo_template/local_setup.bash
-- Up-to-date: /home/ubuntu/ros_ws/install/ros2_gazebo_template/share/ros2_gazebo_template/local_setup.sh
-- Up-to-date: /home/ubuntu/ros_ws/install/ros2_gazebo_template/share/ros2_gazebo_template/local_setup.zsh
-- Up-to-date: /home/ubuntu/ros_ws/install/ros2_gazebo_template/share/ros2_gazebo_template/local_setup.dsv
-- Installing: /home/ubuntu/ros_ws/install/ros2_gazebo_template/share/ros2_gazebo_template/package.dsv
-- Up-to-date: /home/ubuntu/ros_ws/install/ros2_gazebo_template/share/ament_index/resource_index/packages/ros2_gazebo_template
-- Up-to-date: /home/ubuntu/ros_ws/install/ros2_gazebo_template/share/ros2_gazebo_template/cmake/ament_cmake_export_libraries-extras.cmake
-- Up-to-date: /home/ubuntu/ros_ws/install/ros2_gazebo_template/share/ros2_gazebo_template/cmake/ament_cmake_export_include_directories-extras.cmake
-- Up-to-date: /home/ubuntu/ros_ws/install/ros2_gazebo_template/share/ros2_gazebo_template/cmake/ament_cmake_export_dependencies-extras.cmake
-- Up-to-date: /home/ubuntu/ros_ws/install/ros2_gazebo_template/share/ros2_gazebo_template/cmake/ros2_gazebo_templateConfig.cmake
-- Up-to-date: /home/ubuntu/ros_ws/install/ros2_gazebo_template/share/ros2_gazebo_template/cmake/ros2_gazebo_templateConfig-version.cmake
-- Up-to-date: /home/ubuntu/ros_ws/install/ros2_gazebo_template/share/ros2_gazebo_template/package.xml
