[0.370s] Invoking command in '/home/ubuntu/ros_ws_python/src/dolly_control_pub': PYTHONPATH=/home/ubuntu/ros_ws_python/build/dolly_control_pub/prefix_override:/home/ubuntu/ros_ws_python/install/dolly_control_pub/lib/python3.10/site-packages:${PYTHONPATH} /usr/bin/python3 setup.py egg_info --egg-base ../../build/dolly_control_pub build --build-base /home/ubuntu/ros_ws_python/build/dolly_control_pub/build install --record /home/ubuntu/ros_ws_python/build/dolly_control_pub/install.log --single-version-externally-managed
[0.509s] running egg_info
[0.509s] writing ../../build/dolly_control_pub/dolly_control_pub.egg-info/PKG-INFO
[0.510s] writing dependency_links to ../../build/dolly_control_pub/dolly_control_pub.egg-info/dependency_links.txt
[0.510s] writing entry points to ../../build/dolly_control_pub/dolly_control_pub.egg-info/entry_points.txt
[0.510s] writing requirements to ../../build/dolly_control_pub/dolly_control_pub.egg-info/requires.txt
[0.510s] writing top-level names to ../../build/dolly_control_pub/dolly_control_pub.egg-info/top_level.txt
[0.512s] reading manifest file '../../build/dolly_control_pub/dolly_control_pub.egg-info/SOURCES.txt'
[0.513s] writing manifest file '../../build/dolly_control_pub/dolly_control_pub.egg-info/SOURCES.txt'
[0.513s] running build
[0.513s] running build_py
[0.513s] copying dolly_control_pub/pub_member_function.py -> /home/ubuntu/ros_ws_python/build/dolly_control_pub/build/lib/dolly_control_pub
[0.514s] running install
[0.515s] running install_lib
[0.516s] copying /home/ubuntu/ros_ws_python/build/dolly_control_pub/build/lib/dolly_control_pub/pub_member_function.py -> /home/ubuntu/ros_ws_python/install/dolly_control_pub/lib/python3.10/site-packages/dolly_control_pub
[0.517s] byte-compiling /home/ubuntu/ros_ws_python/install/dolly_control_pub/lib/python3.10/site-packages/dolly_control_pub/pub_member_function.py to pub_member_function.cpython-310.pyc
[0.518s] running install_data
[0.519s] running install_egg_info
[0.522s] removing '/home/ubuntu/ros_ws_python/install/dolly_control_pub/lib/python3.10/site-packages/dolly_control_pub-0.0.0-py3.10.egg-info' (and everything under it)
[0.522s] Copying ../../build/dolly_control_pub/dolly_control_pub.egg-info to /home/ubuntu/ros_ws_python/install/dolly_control_pub/lib/python3.10/site-packages/dolly_control_pub-0.0.0-py3.10.egg-info
[0.523s] running install_scripts
[0.539s] Installing talker script to /home/ubuntu/ros_ws_python/install/dolly_control_pub/lib/dolly_control_pub
[0.539s] writing list of installed files to '/home/ubuntu/ros_ws_python/build/dolly_control_pub/install.log'
[0.556s] Invoked command in '/home/ubuntu/ros_ws_python/src/dolly_control_pub' returned '0': PYTHONPATH=/home/ubuntu/ros_ws_python/build/dolly_control_pub/prefix_override:/home/ubuntu/ros_ws_python/install/dolly_control_pub/lib/python3.10/site-packages:${PYTHONPATH} /usr/bin/python3 setup.py egg_info --egg-base ../../build/dolly_control_pub build --build-base /home/ubuntu/ros_ws_python/build/dolly_control_pub/build install --record /home/ubuntu/ros_ws_python/build/dolly_control_pub/install.log --single-version-externally-managed
