[0.377s] DEBUG:colcon:Command line arguments: ['/usr/bin/colcon', 'build']
[0.377s] DEBUG:colcon:Parsed command line arguments: Namespace(log_base=None, log_level=None, verb_name='build', build_base='build', install_base='install', merge_install=False, symlink_install=False, test_result_base=None, continue_on_error=False, executor='parallel', parallel_workers=20, event_handlers=None, ignore_user_meta=False, metas=['./colcon.meta'], base_paths=['.'], packages_ignore=None, packages_ignore_regex=None, paths=None, packages_up_to=None, packages_up_to_regex=None, packages_above=None, packages_above_and_dependencies=None, packages_above_depth=None, packages_select_by_dep=None, packages_skip_by_dep=None, packages_skip_up_to=None, packages_select_build_failed=False, packages_skip_build_finished=False, packages_select_test_failures=False, packages_skip_test_passed=False, packages_select=None, packages_skip=None, packages_select_regex=None, packages_skip_regex=None, packages_start=None, packages_end=None, allow_overriding=[], cmake_args=None, cmake_target=None, cmake_target_skip_unavailable=False, cmake_clean_cache=False, cmake_clean_first=False, cmake_force_configure=False, ament_cmake_args=None, catkin_cmake_args=None, catkin_skip_building_tests=False, verb_parser=<colcon_defaults.argument_parser.defaults.DefaultArgumentsDecorator object at 0x7fafcefabcd0>, verb_extension=<colcon_core.verb.build.BuildVerb object at 0x7fafcf7ead70>, main=<bound method BuildVerb.main of <colcon_core.verb.build.BuildVerb object at 0x7fafcf7ead70>>)
[0.398s] Level 1:colcon.colcon_core.package_discovery:discover_packages(colcon_meta) check parameters
[0.398s] Level 1:colcon.colcon_core.package_discovery:discover_packages(recursive) check parameters
[0.398s] Level 1:colcon.colcon_core.package_discovery:discover_packages(ignore) check parameters
[0.398s] Level 1:colcon.colcon_core.package_discovery:discover_packages(path) check parameters
[0.398s] Level 1:colcon.colcon_core.package_discovery:discover_packages(colcon_meta) discover
[0.398s] Level 1:colcon.colcon_core.package_discovery:discover_packages(recursive) discover
[0.398s] INFO:colcon.colcon_core.package_discovery:Crawling recursively for packages in '/home/ubuntu/MuWz-1_github-ws/ROS2_gazebo_learning/ros_ws'
[0.398s] Level 1:colcon.colcon_core.package_identification:_identify(.) by extensions ['ignore', 'ignore_ament_install']
[0.398s] Level 1:colcon.colcon_core.package_identification:_identify(.) by extension 'ignore'
[0.398s] Level 1:colcon.colcon_core.package_identification:_identify(.) by extension 'ignore_ament_install'
[0.398s] Level 1:colcon.colcon_core.package_identification:_identify(.) by extensions ['colcon_pkg']
[0.398s] Level 1:colcon.colcon_core.package_identification:_identify(.) by extension 'colcon_pkg'
[0.398s] Level 1:colcon.colcon_core.package_identification:_identify(.) by extensions ['colcon_meta']
[0.398s] Level 1:colcon.colcon_core.package_identification:_identify(.) by extension 'colcon_meta'
[0.398s] Level 1:colcon.colcon_core.package_identification:_identify(.) by extensions ['ros']
[0.398s] Level 1:colcon.colcon_core.package_identification:_identify(.) by extension 'ros'
[0.405s] Level 1:colcon.colcon_core.package_identification:_identify(.) by extensions ['cmake', 'python']
[0.405s] Level 1:colcon.colcon_core.package_identification:_identify(.) by extension 'cmake'
[0.405s] Level 1:colcon.colcon_core.package_identification:_identify(.) by extension 'python'
[0.405s] Level 1:colcon.colcon_core.package_identification:_identify(.) by extensions ['python_setup_py']
[0.405s] Level 1:colcon.colcon_core.package_identification:_identify(.) by extension 'python_setup_py'
[0.405s] Level 1:colcon.colcon_core.package_identification:_identify(build) by extensions ['ignore', 'ignore_ament_install']
[0.405s] Level 1:colcon.colcon_core.package_identification:_identify(build) by extension 'ignore'
[0.405s] Level 1:colcon.colcon_core.package_identification:_identify(build) ignored
[0.405s] Level 1:colcon.colcon_core.package_identification:_identify(install) by extensions ['ignore', 'ignore_ament_install']
[0.405s] Level 1:colcon.colcon_core.package_identification:_identify(install) by extension 'ignore'
[0.405s] Level 1:colcon.colcon_core.package_identification:_identify(install) ignored
[0.405s] Level 1:colcon.colcon_core.package_identification:_identify(log) by extensions ['ignore', 'ignore_ament_install']
[0.405s] Level 1:colcon.colcon_core.package_identification:_identify(log) by extension 'ignore'
[0.405s] Level 1:colcon.colcon_core.package_identification:_identify(log) ignored
[0.405s] Level 1:colcon.colcon_core.package_identification:_identify(src) by extensions ['ignore', 'ignore_ament_install']
[0.405s] Level 1:colcon.colcon_core.package_identification:_identify(src) by extension 'ignore'
[0.405s] Level 1:colcon.colcon_core.package_identification:_identify(src) by extension 'ignore_ament_install'
[0.405s] Level 1:colcon.colcon_core.package_identification:_identify(src) by extensions ['colcon_pkg']
[0.405s] Level 1:colcon.colcon_core.package_identification:_identify(src) by extension 'colcon_pkg'
[0.405s] Level 1:colcon.colcon_core.package_identification:_identify(src) by extensions ['colcon_meta']
[0.405s] Level 1:colcon.colcon_core.package_identification:_identify(src) by extension 'colcon_meta'
[0.405s] Level 1:colcon.colcon_core.package_identification:_identify(src) by extensions ['ros']
[0.405s] Level 1:colcon.colcon_core.package_identification:_identify(src) by extension 'ros'
[0.405s] Level 1:colcon.colcon_core.package_identification:_identify(src) by extensions ['cmake', 'python']
[0.405s] Level 1:colcon.colcon_core.package_identification:_identify(src) by extension 'cmake'
[0.405s] Level 1:colcon.colcon_core.package_identification:_identify(src) by extension 'python'
[0.405s] Level 1:colcon.colcon_core.package_identification:_identify(src) by extensions ['python_setup_py']
[0.405s] Level 1:colcon.colcon_core.package_identification:_identify(src) by extension 'python_setup_py'
[0.406s] Level 1:colcon.colcon_core.package_identification:_identify(src/ros2_gazebo_template) by extensions ['ignore', 'ignore_ament_install']
[0.406s] Level 1:colcon.colcon_core.package_identification:_identify(src/ros2_gazebo_template) by extension 'ignore'
[0.406s] Level 1:colcon.colcon_core.package_identification:_identify(src/ros2_gazebo_template) by extension 'ignore_ament_install'
[0.406s] Level 1:colcon.colcon_core.package_identification:_identify(src/ros2_gazebo_template) by extensions ['colcon_pkg']
[0.406s] Level 1:colcon.colcon_core.package_identification:_identify(src/ros2_gazebo_template) by extension 'colcon_pkg'
[0.406s] Level 1:colcon.colcon_core.package_identification:_identify(src/ros2_gazebo_template) by extensions ['colcon_meta']
[0.406s] Level 1:colcon.colcon_core.package_identification:_identify(src/ros2_gazebo_template) by extension 'colcon_meta'
[0.406s] Level 1:colcon.colcon_core.package_identification:_identify(src/ros2_gazebo_template) by extensions ['ros']
[0.406s] Level 1:colcon.colcon_core.package_identification:_identify(src/ros2_gazebo_template) by extension 'ros'
[0.408s] DEBUG:colcon.colcon_core.package_identification:Package 'src/ros2_gazebo_template' with type 'ros.ament_cmake' and name 'ros2_gazebo_template'
[0.408s] Level 1:colcon.colcon_core.package_identification:_identify(src/ros2_gazebo_template2) by extensions ['ignore', 'ignore_ament_install']
[0.409s] Level 1:colcon.colcon_core.package_identification:_identify(src/ros2_gazebo_template2) by extension 'ignore'
[0.409s] Level 1:colcon.colcon_core.package_identification:_identify(src/ros2_gazebo_template2) by extension 'ignore_ament_install'
[0.409s] Level 1:colcon.colcon_core.package_identification:_identify(src/ros2_gazebo_template2) by extensions ['colcon_pkg']
[0.409s] Level 1:colcon.colcon_core.package_identification:_identify(src/ros2_gazebo_template2) by extension 'colcon_pkg'
[0.409s] Level 1:colcon.colcon_core.package_identification:_identify(src/ros2_gazebo_template2) by extensions ['colcon_meta']
[0.409s] Level 1:colcon.colcon_core.package_identification:_identify(src/ros2_gazebo_template2) by extension 'colcon_meta'
[0.409s] Level 1:colcon.colcon_core.package_identification:_identify(src/ros2_gazebo_template2) by extensions ['ros']
[0.409s] Level 1:colcon.colcon_core.package_identification:_identify(src/ros2_gazebo_template2) by extension 'ros'
[0.410s] DEBUG:colcon.colcon_core.package_identification:Package 'src/ros2_gazebo_template2' with type 'ros.ament_cmake' and name 'ros2_gazebo_template2'
[0.411s] Level 1:colcon.colcon_core.package_identification:_identify(world) by extensions ['ignore', 'ignore_ament_install']
[0.411s] Level 1:colcon.colcon_core.package_identification:_identify(world) by extension 'ignore'
[0.411s] Level 1:colcon.colcon_core.package_identification:_identify(world) by extension 'ignore_ament_install'
[0.411s] Level 1:colcon.colcon_core.package_identification:_identify(world) by extensions ['colcon_pkg']
[0.411s] Level 1:colcon.colcon_core.package_identification:_identify(world) by extension 'colcon_pkg'
[0.411s] Level 1:colcon.colcon_core.package_identification:_identify(world) by extensions ['colcon_meta']
[0.411s] Level 1:colcon.colcon_core.package_identification:_identify(world) by extension 'colcon_meta'
[0.411s] Level 1:colcon.colcon_core.package_identification:_identify(world) by extensions ['ros']
[0.411s] Level 1:colcon.colcon_core.package_identification:_identify(world) by extension 'ros'
[0.411s] Level 1:colcon.colcon_core.package_identification:_identify(world) by extensions ['cmake', 'python']
[0.411s] Level 1:colcon.colcon_core.package_identification:_identify(world) by extension 'cmake'
[0.411s] Level 1:colcon.colcon_core.package_identification:_identify(world) by extension 'python'
[0.411s] Level 1:colcon.colcon_core.package_identification:_identify(world) by extensions ['python_setup_py']
[0.411s] Level 1:colcon.colcon_core.package_identification:_identify(world) by extension 'python_setup_py'
[0.411s] Level 1:colcon.colcon_core.package_discovery:discover_packages(recursive) using defaults
[0.411s] Level 1:colcon.colcon_core.package_discovery:discover_packages(ignore) discover
[0.411s] Level 1:colcon.colcon_core.package_discovery:discover_packages(ignore) using defaults
[0.411s] Level 1:colcon.colcon_core.package_discovery:discover_packages(path) discover
[0.411s] Level 1:colcon.colcon_core.package_discovery:discover_packages(path) using defaults
[0.430s] Level 1:colcon.colcon_core.package_discovery:discover_packages(prefix_path) check parameters
[0.430s] Level 1:colcon.colcon_core.package_discovery:discover_packages(prefix_path) discover
[0.432s] DEBUG:colcon.colcon_installed_package_information.package_discovery:Found 311 installed packages in /opt/ros/humble
[0.433s] Level 1:colcon.colcon_core.package_discovery:discover_packages(prefix_path) using defaults
[0.466s] Level 5:colcon.colcon_core.verb:set package 'ros2_gazebo_template' build argument 'cmake_args' from command line to 'None'
[0.466s] Level 5:colcon.colcon_core.verb:set package 'ros2_gazebo_template' build argument 'cmake_target' from command line to 'None'
[0.466s] Level 5:colcon.colcon_core.verb:set package 'ros2_gazebo_template' build argument 'cmake_target_skip_unavailable' from command line to 'False'
[0.466s] Level 5:colcon.colcon_core.verb:set package 'ros2_gazebo_template' build argument 'cmake_clean_cache' from command line to 'False'
[0.466s] Level 5:colcon.colcon_core.verb:set package 'ros2_gazebo_template' build argument 'cmake_clean_first' from command line to 'False'
[0.467s] Level 5:colcon.colcon_core.verb:set package 'ros2_gazebo_template' build argument 'cmake_force_configure' from command line to 'False'
[0.467s] Level 5:colcon.colcon_core.verb:set package 'ros2_gazebo_template' build argument 'ament_cmake_args' from command line to 'None'
[0.467s] Level 5:colcon.colcon_core.verb:set package 'ros2_gazebo_template' build argument 'catkin_cmake_args' from command line to 'None'
[0.467s] Level 5:colcon.colcon_core.verb:set package 'ros2_gazebo_template' build argument 'catkin_skip_building_tests' from command line to 'False'
[0.467s] DEBUG:colcon.colcon_core.verb:Building package 'ros2_gazebo_template' with the following arguments: {'ament_cmake_args': None, 'build_base': '/home/ubuntu/MuWz-1_github-ws/ROS2_gazebo_learning/ros_ws/build/ros2_gazebo_template', 'catkin_cmake_args': None, 'catkin_skip_building_tests': False, 'cmake_args': None, 'cmake_clean_cache': False, 'cmake_clean_first': False, 'cmake_force_configure': False, 'cmake_target': None, 'cmake_target_skip_unavailable': False, 'install_base': '/home/ubuntu/MuWz-1_github-ws/ROS2_gazebo_learning/ros_ws/install/ros2_gazebo_template', 'merge_install': False, 'path': '/home/ubuntu/MuWz-1_github-ws/ROS2_gazebo_learning/ros_ws/src/ros2_gazebo_template', 'symlink_install': False, 'test_result_base': None}
[0.467s] Level 5:colcon.colcon_core.verb:set package 'ros2_gazebo_template2' build argument 'cmake_args' from command line to 'None'
[0.467s] Level 5:colcon.colcon_core.verb:set package 'ros2_gazebo_template2' build argument 'cmake_target' from command line to 'None'
[0.467s] Level 5:colcon.colcon_core.verb:set package 'ros2_gazebo_template2' build argument 'cmake_target_skip_unavailable' from command line to 'False'
[0.467s] Level 5:colcon.colcon_core.verb:set package 'ros2_gazebo_template2' build argument 'cmake_clean_cache' from command line to 'False'
[0.467s] Level 5:colcon.colcon_core.verb:set package 'ros2_gazebo_template2' build argument 'cmake_clean_first' from command line to 'False'
[0.467s] Level 5:colcon.colcon_core.verb:set package 'ros2_gazebo_template2' build argument 'cmake_force_configure' from command line to 'False'
[0.467s] Level 5:colcon.colcon_core.verb:set package 'ros2_gazebo_template2' build argument 'ament_cmake_args' from command line to 'None'
[0.467s] Level 5:colcon.colcon_core.verb:set package 'ros2_gazebo_template2' build argument 'catkin_cmake_args' from command line to 'None'
[0.467s] Level 5:colcon.colcon_core.verb:set package 'ros2_gazebo_template2' build argument 'catkin_skip_building_tests' from command line to 'False'
[0.467s] DEBUG:colcon.colcon_core.verb:Building package 'ros2_gazebo_template2' with the following arguments: {'ament_cmake_args': None, 'build_base': '/home/ubuntu/MuWz-1_github-ws/ROS2_gazebo_learning/ros_ws/build/ros2_gazebo_template2', 'catkin_cmake_args': None, 'catkin_skip_building_tests': False, 'cmake_args': None, 'cmake_clean_cache': False, 'cmake_clean_first': False, 'cmake_force_configure': False, 'cmake_target': None, 'cmake_target_skip_unavailable': False, 'install_base': '/home/ubuntu/MuWz-1_github-ws/ROS2_gazebo_learning/ros_ws/install/ros2_gazebo_template2', 'merge_install': False, 'path': '/home/ubuntu/MuWz-1_github-ws/ROS2_gazebo_learning/ros_ws/src/ros2_gazebo_template2', 'symlink_install': False, 'test_result_base': None}
[0.468s] INFO:colcon.colcon_core.executor:Executing jobs using 'parallel' executor
[0.469s] DEBUG:colcon.colcon_parallel_executor.executor.parallel:run_until_complete
[0.470s] INFO:colcon.colcon_ros.task.ament_cmake.build:Building ROS package in '/home/ubuntu/MuWz-1_github-ws/ROS2_gazebo_learning/ros_ws/src/ros2_gazebo_template' with build type 'ament_cmake'
[0.470s] INFO:colcon.colcon_cmake.task.cmake.build:Building CMake package in '/home/ubuntu/MuWz-1_github-ws/ROS2_gazebo_learning/ros_ws/src/ros2_gazebo_template'
[0.472s] INFO:colcon.colcon_core.plugin_system:Skipping extension 'colcon_core.shell.bat': Not used on non-Windows systems
[0.472s] INFO:colcon.colcon_core.shell:Skip shell extension 'powershell' for command environment: Not usable outside of PowerShell
[0.473s] DEBUG:colcon.colcon_core.shell:Skip shell extension 'dsv' for command environment
[0.476s] INFO:colcon.colcon_ros.task.ament_cmake.build:Building ROS package in '/home/ubuntu/MuWz-1_github-ws/ROS2_gazebo_learning/ros_ws/src/ros2_gazebo_template2' with build type 'ament_cmake'
[0.476s] INFO:colcon.colcon_cmake.task.cmake.build:Building CMake package in '/home/ubuntu/MuWz-1_github-ws/ROS2_gazebo_learning/ros_ws/src/ros2_gazebo_template2'
[0.477s] INFO:colcon.colcon_core.shell:Skip shell extension 'powershell' for command environment: Not usable outside of PowerShell
[0.477s] DEBUG:colcon.colcon_core.shell:Skip shell extension 'dsv' for command environment
[0.486s] DEBUG:colcon.colcon_core.event_handler.log_command:Invoking command in '/home/ubuntu/MuWz-1_github-ws/ROS2_gazebo_learning/ros_ws/build/ros2_gazebo_template': CMAKE_PREFIX_PATH=/opt/ros/humble /usr/bin/cmake /home/ubuntu/MuWz-1_github-ws/ROS2_gazebo_learning/ros_ws/src/ros2_gazebo_template -DCMAKE_INSTALL_PREFIX=/home/ubuntu/MuWz-1_github-ws/ROS2_gazebo_learning/ros_ws/install/ros2_gazebo_template
[0.490s] DEBUG:colcon.colcon_core.event_handler.log_command:Invoking command in '/home/ubuntu/MuWz-1_github-ws/ROS2_gazebo_learning/ros_ws/build/ros2_gazebo_template2': CMAKE_PREFIX_PATH=/opt/ros/humble /usr/bin/cmake /home/ubuntu/MuWz-1_github-ws/ROS2_gazebo_learning/ros_ws/src/ros2_gazebo_template2 -DCMAKE_INSTALL_PREFIX=/home/ubuntu/MuWz-1_github-ws/ROS2_gazebo_learning/ros_ws/install/ros2_gazebo_template2
[149.902s] DEBUG:colcon.colcon_core.event_handler.log_command:Invoked command in '/home/ubuntu/MuWz-1_github-ws/ROS2_gazebo_learning/ros_ws/build/ros2_gazebo_template' returned '0': CMAKE_PREFIX_PATH=/opt/ros/humble /usr/bin/cmake /home/ubuntu/MuWz-1_github-ws/ROS2_gazebo_learning/ros_ws/src/ros2_gazebo_template -DCMAKE_INSTALL_PREFIX=/home/ubuntu/MuWz-1_github-ws/ROS2_gazebo_learning/ros_ws/install/ros2_gazebo_template
[149.905s] DEBUG:colcon.colcon_core.event_handler.log_command:Invoking command in '/home/ubuntu/MuWz-1_github-ws/ROS2_gazebo_learning/ros_ws/build/ros2_gazebo_template': CMAKE_PREFIX_PATH=/opt/ros/humble /usr/bin/cmake --build /home/ubuntu/MuWz-1_github-ws/ROS2_gazebo_learning/ros_ws/build/ros2_gazebo_template -- -j20 -l20
[150.614s] DEBUG:colcon.colcon_core.event_handler.log_command:Invoked command in '/home/ubuntu/MuWz-1_github-ws/ROS2_gazebo_learning/ros_ws/build/ros2_gazebo_template2' returned '0': CMAKE_PREFIX_PATH=/opt/ros/humble /usr/bin/cmake /home/ubuntu/MuWz-1_github-ws/ROS2_gazebo_learning/ros_ws/src/ros2_gazebo_template2 -DCMAKE_INSTALL_PREFIX=/home/ubuntu/MuWz-1_github-ws/ROS2_gazebo_learning/ros_ws/install/ros2_gazebo_template2
[150.616s] DEBUG:colcon.colcon_core.event_handler.log_command:Invoking command in '/home/ubuntu/MuWz-1_github-ws/ROS2_gazebo_learning/ros_ws/build/ros2_gazebo_template2': CMAKE_PREFIX_PATH=/opt/ros/humble /usr/bin/cmake --build /home/ubuntu/MuWz-1_github-ws/ROS2_gazebo_learning/ros_ws/build/ros2_gazebo_template2 -- -j20 -l20
[166.750s] DEBUG:colcon.colcon_core.event_handler.log_command:Invoked command in '/home/ubuntu/MuWz-1_github-ws/ROS2_gazebo_learning/ros_ws/build/ros2_gazebo_template' returned '0': CMAKE_PREFIX_PATH=/opt/ros/humble /usr/bin/cmake --build /home/ubuntu/MuWz-1_github-ws/ROS2_gazebo_learning/ros_ws/build/ros2_gazebo_template -- -j20 -l20
[166.780s] DEBUG:colcon.colcon_core.event_handler.log_command:Invoking command in '/home/ubuntu/MuWz-1_github-ws/ROS2_gazebo_learning/ros_ws/build/ros2_gazebo_template': CMAKE_PREFIX_PATH=/opt/ros/humble /usr/bin/cmake --install /home/ubuntu/MuWz-1_github-ws/ROS2_gazebo_learning/ros_ws/build/ros2_gazebo_template
[166.787s] Level 1:colcon.colcon_core.environment:create_environment_scripts_only(ros2_gazebo_template)
[166.787s] DEBUG:colcon.colcon_core.event_handler.log_command:Invoked command in '/home/ubuntu/MuWz-1_github-ws/ROS2_gazebo_learning/ros_ws/build/ros2_gazebo_template' returned '0': CMAKE_PREFIX_PATH=/opt/ros/humble /usr/bin/cmake --install /home/ubuntu/MuWz-1_github-ws/ROS2_gazebo_learning/ros_ws/build/ros2_gazebo_template
[166.790s] Level 1:colcon.colcon_core.environment:checking '/home/ubuntu/MuWz-1_github-ws/ROS2_gazebo_learning/ros_ws/install/ros2_gazebo_template' for CMake module files
[166.790s] Level 1:colcon.colcon_core.environment:checking '/home/ubuntu/MuWz-1_github-ws/ROS2_gazebo_learning/ros_ws/install/ros2_gazebo_template' for CMake config files
[166.791s] Level 1:colcon.colcon_core.shell:create_environment_hook('ros2_gazebo_template', 'cmake_prefix_path')
[166.791s] INFO:colcon.colcon_core.shell:Creating environment hook '/home/ubuntu/MuWz-1_github-ws/ROS2_gazebo_learning/ros_ws/install/ros2_gazebo_template/share/ros2_gazebo_template/hook/cmake_prefix_path.ps1'
[166.792s] INFO:colcon.colcon_core.shell:Creating environment descriptor '/home/ubuntu/MuWz-1_github-ws/ROS2_gazebo_learning/ros_ws/install/ros2_gazebo_template/share/ros2_gazebo_template/hook/cmake_prefix_path.dsv'
[166.792s] INFO:colcon.colcon_core.shell:Creating environment hook '/home/ubuntu/MuWz-1_github-ws/ROS2_gazebo_learning/ros_ws/install/ros2_gazebo_template/share/ros2_gazebo_template/hook/cmake_prefix_path.sh'
[166.792s] Level 1:colcon.colcon_core.environment:checking '/home/ubuntu/MuWz-1_github-ws/ROS2_gazebo_learning/ros_ws/install/ros2_gazebo_template/bin'
[166.793s] Level 1:colcon.colcon_core.environment:checking '/home/ubuntu/MuWz-1_github-ws/ROS2_gazebo_learning/ros_ws/install/ros2_gazebo_template/lib/pkgconfig/ros2_gazebo_template.pc'
[166.793s] Level 1:colcon.colcon_core.environment:checking '/home/ubuntu/MuWz-1_github-ws/ROS2_gazebo_learning/ros_ws/install/ros2_gazebo_template/lib/python3.10/site-packages'
[166.793s] Level 1:colcon.colcon_core.environment:checking '/home/ubuntu/MuWz-1_github-ws/ROS2_gazebo_learning/ros_ws/install/ros2_gazebo_template/bin'
[166.793s] INFO:colcon.colcon_core.shell:Creating package script '/home/ubuntu/MuWz-1_github-ws/ROS2_gazebo_learning/ros_ws/install/ros2_gazebo_template/share/ros2_gazebo_template/package.ps1'
[166.794s] INFO:colcon.colcon_core.shell:Creating package descriptor '/home/ubuntu/MuWz-1_github-ws/ROS2_gazebo_learning/ros_ws/install/ros2_gazebo_template/share/ros2_gazebo_template/package.dsv'
[166.794s] INFO:colcon.colcon_core.shell:Creating package script '/home/ubuntu/MuWz-1_github-ws/ROS2_gazebo_learning/ros_ws/install/ros2_gazebo_template/share/ros2_gazebo_template/package.sh'
[166.795s] INFO:colcon.colcon_core.shell:Creating package script '/home/ubuntu/MuWz-1_github-ws/ROS2_gazebo_learning/ros_ws/install/ros2_gazebo_template/share/ros2_gazebo_template/package.bash'
[166.795s] INFO:colcon.colcon_core.shell:Creating package script '/home/ubuntu/MuWz-1_github-ws/ROS2_gazebo_learning/ros_ws/install/ros2_gazebo_template/share/ros2_gazebo_template/package.zsh'
[166.796s] Level 1:colcon.colcon_core.environment:create_file_with_runtime_dependencies(/home/ubuntu/MuWz-1_github-ws/ROS2_gazebo_learning/ros_ws/install/ros2_gazebo_template/share/colcon-core/packages/ros2_gazebo_template)
[166.816s] Level 1:colcon.colcon_core.environment:create_environment_scripts_only(ros2_gazebo_template)
[166.818s] Level 1:colcon.colcon_core.environment:checking '/home/ubuntu/MuWz-1_github-ws/ROS2_gazebo_learning/ros_ws/install/ros2_gazebo_template' for CMake module files
[166.818s] Level 1:colcon.colcon_core.environment:checking '/home/ubuntu/MuWz-1_github-ws/ROS2_gazebo_learning/ros_ws/install/ros2_gazebo_template' for CMake config files
[166.818s] Level 1:colcon.colcon_core.shell:create_environment_hook('ros2_gazebo_template', 'cmake_prefix_path')
[166.819s] INFO:colcon.colcon_core.shell:Creating environment hook '/home/ubuntu/MuWz-1_github-ws/ROS2_gazebo_learning/ros_ws/install/ros2_gazebo_template/share/ros2_gazebo_template/hook/cmake_prefix_path.ps1'
[166.820s] INFO:colcon.colcon_core.shell:Creating environment descriptor '/home/ubuntu/MuWz-1_github-ws/ROS2_gazebo_learning/ros_ws/install/ros2_gazebo_template/share/ros2_gazebo_template/hook/cmake_prefix_path.dsv'
[166.820s] INFO:colcon.colcon_core.shell:Creating environment hook '/home/ubuntu/MuWz-1_github-ws/ROS2_gazebo_learning/ros_ws/install/ros2_gazebo_template/share/ros2_gazebo_template/hook/cmake_prefix_path.sh'
[166.821s] Level 1:colcon.colcon_core.environment:checking '/home/ubuntu/MuWz-1_github-ws/ROS2_gazebo_learning/ros_ws/install/ros2_gazebo_template/bin'
[166.821s] Level 1:colcon.colcon_core.environment:checking '/home/ubuntu/MuWz-1_github-ws/ROS2_gazebo_learning/ros_ws/install/ros2_gazebo_template/lib/pkgconfig/ros2_gazebo_template.pc'
[166.821s] Level 1:colcon.colcon_core.environment:checking '/home/ubuntu/MuWz-1_github-ws/ROS2_gazebo_learning/ros_ws/install/ros2_gazebo_template/lib/python3.10/site-packages'
[166.821s] Level 1:colcon.colcon_core.environment:checking '/home/ubuntu/MuWz-1_github-ws/ROS2_gazebo_learning/ros_ws/install/ros2_gazebo_template/bin'
[166.822s] INFO:colcon.colcon_core.shell:Creating package script '/home/ubuntu/MuWz-1_github-ws/ROS2_gazebo_learning/ros_ws/install/ros2_gazebo_template/share/ros2_gazebo_template/package.ps1'
[166.823s] INFO:colcon.colcon_core.shell:Creating package descriptor '/home/ubuntu/MuWz-1_github-ws/ROS2_gazebo_learning/ros_ws/install/ros2_gazebo_template/share/ros2_gazebo_template/package.dsv'
[166.824s] INFO:colcon.colcon_core.shell:Creating package script '/home/ubuntu/MuWz-1_github-ws/ROS2_gazebo_learning/ros_ws/install/ros2_gazebo_template/share/ros2_gazebo_template/package.sh'
[166.824s] INFO:colcon.colcon_core.shell:Creating package script '/home/ubuntu/MuWz-1_github-ws/ROS2_gazebo_learning/ros_ws/install/ros2_gazebo_template/share/ros2_gazebo_template/package.bash'
[166.824s] INFO:colcon.colcon_core.shell:Creating package script '/home/ubuntu/MuWz-1_github-ws/ROS2_gazebo_learning/ros_ws/install/ros2_gazebo_template/share/ros2_gazebo_template/package.zsh'
[166.824s] Level 1:colcon.colcon_core.environment:create_file_with_runtime_dependencies(/home/ubuntu/MuWz-1_github-ws/ROS2_gazebo_learning/ros_ws/install/ros2_gazebo_template/share/colcon-core/packages/ros2_gazebo_template)
[170.659s] DEBUG:colcon.colcon_core.event_handler.log_command:Invoked command in '/home/ubuntu/MuWz-1_github-ws/ROS2_gazebo_learning/ros_ws/build/ros2_gazebo_template2' returned '0': CMAKE_PREFIX_PATH=/opt/ros/humble /usr/bin/cmake --build /home/ubuntu/MuWz-1_github-ws/ROS2_gazebo_learning/ros_ws/build/ros2_gazebo_template2 -- -j20 -l20
[170.679s] DEBUG:colcon.colcon_core.event_handler.log_command:Invoking command in '/home/ubuntu/MuWz-1_github-ws/ROS2_gazebo_learning/ros_ws/build/ros2_gazebo_template2': CMAKE_PREFIX_PATH=/opt/ros/humble /usr/bin/cmake --install /home/ubuntu/MuWz-1_github-ws/ROS2_gazebo_learning/ros_ws/build/ros2_gazebo_template2
[170.689s] Level 1:colcon.colcon_core.environment:create_environment_scripts_only(ros2_gazebo_template2)
[170.691s] Level 1:colcon.colcon_core.environment:checking '/home/ubuntu/MuWz-1_github-ws/ROS2_gazebo_learning/ros_ws/install/ros2_gazebo_template2' for CMake module files
[170.691s] DEBUG:colcon.colcon_core.event_handler.log_command:Invoked command in '/home/ubuntu/MuWz-1_github-ws/ROS2_gazebo_learning/ros_ws/build/ros2_gazebo_template2' returned '0': CMAKE_PREFIX_PATH=/opt/ros/humble /usr/bin/cmake --install /home/ubuntu/MuWz-1_github-ws/ROS2_gazebo_learning/ros_ws/build/ros2_gazebo_template2
[170.692s] Level 1:colcon.colcon_core.environment:checking '/home/ubuntu/MuWz-1_github-ws/ROS2_gazebo_learning/ros_ws/install/ros2_gazebo_template2' for CMake config files
[170.692s] Level 1:colcon.colcon_core.shell:create_environment_hook('ros2_gazebo_template2', 'cmake_prefix_path')
[170.693s] INFO:colcon.colcon_core.shell:Creating environment hook '/home/ubuntu/MuWz-1_github-ws/ROS2_gazebo_learning/ros_ws/install/ros2_gazebo_template2/share/ros2_gazebo_template2/hook/cmake_prefix_path.ps1'
[170.694s] INFO:colcon.colcon_core.shell:Creating environment descriptor '/home/ubuntu/MuWz-1_github-ws/ROS2_gazebo_learning/ros_ws/install/ros2_gazebo_template2/share/ros2_gazebo_template2/hook/cmake_prefix_path.dsv'
[170.694s] INFO:colcon.colcon_core.shell:Creating environment hook '/home/ubuntu/MuWz-1_github-ws/ROS2_gazebo_learning/ros_ws/install/ros2_gazebo_template2/share/ros2_gazebo_template2/hook/cmake_prefix_path.sh'
[170.695s] Level 1:colcon.colcon_core.environment:checking '/home/ubuntu/MuWz-1_github-ws/ROS2_gazebo_learning/ros_ws/install/ros2_gazebo_template2/bin'
[170.695s] Level 1:colcon.colcon_core.environment:checking '/home/ubuntu/MuWz-1_github-ws/ROS2_gazebo_learning/ros_ws/install/ros2_gazebo_template2/lib/pkgconfig/ros2_gazebo_template2.pc'
[170.695s] Level 1:colcon.colcon_core.environment:checking '/home/ubuntu/MuWz-1_github-ws/ROS2_gazebo_learning/ros_ws/install/ros2_gazebo_template2/lib/python3.10/site-packages'
[170.695s] Level 1:colcon.colcon_core.environment:checking '/home/ubuntu/MuWz-1_github-ws/ROS2_gazebo_learning/ros_ws/install/ros2_gazebo_template2/bin'
[170.696s] INFO:colcon.colcon_core.shell:Creating package script '/home/ubuntu/MuWz-1_github-ws/ROS2_gazebo_learning/ros_ws/install/ros2_gazebo_template2/share/ros2_gazebo_template2/package.ps1'
[170.697s] INFO:colcon.colcon_core.shell:Creating package descriptor '/home/ubuntu/MuWz-1_github-ws/ROS2_gazebo_learning/ros_ws/install/ros2_gazebo_template2/share/ros2_gazebo_template2/package.dsv'
[170.697s] INFO:colcon.colcon_core.shell:Creating package script '/home/ubuntu/MuWz-1_github-ws/ROS2_gazebo_learning/ros_ws/install/ros2_gazebo_template2/share/ros2_gazebo_template2/package.sh'
[170.698s] INFO:colcon.colcon_core.shell:Creating package script '/home/ubuntu/MuWz-1_github-ws/ROS2_gazebo_learning/ros_ws/install/ros2_gazebo_template2/share/ros2_gazebo_template2/package.bash'
[170.698s] INFO:colcon.colcon_core.shell:Creating package script '/home/ubuntu/MuWz-1_github-ws/ROS2_gazebo_learning/ros_ws/install/ros2_gazebo_template2/share/ros2_gazebo_template2/package.zsh'
[170.698s] Level 1:colcon.colcon_core.environment:create_file_with_runtime_dependencies(/home/ubuntu/MuWz-1_github-ws/ROS2_gazebo_learning/ros_ws/install/ros2_gazebo_template2/share/colcon-core/packages/ros2_gazebo_template2)
[170.717s] Level 1:colcon.colcon_core.environment:create_environment_scripts_only(ros2_gazebo_template2)
[170.718s] Level 1:colcon.colcon_core.environment:checking '/home/ubuntu/MuWz-1_github-ws/ROS2_gazebo_learning/ros_ws/install/ros2_gazebo_template2' for CMake module files
[170.718s] Level 1:colcon.colcon_core.environment:checking '/home/ubuntu/MuWz-1_github-ws/ROS2_gazebo_learning/ros_ws/install/ros2_gazebo_template2' for CMake config files
[170.718s] Level 1:colcon.colcon_core.shell:create_environment_hook('ros2_gazebo_template2', 'cmake_prefix_path')
[170.718s] INFO:colcon.colcon_core.shell:Creating environment hook '/home/ubuntu/MuWz-1_github-ws/ROS2_gazebo_learning/ros_ws/install/ros2_gazebo_template2/share/ros2_gazebo_template2/hook/cmake_prefix_path.ps1'
[170.719s] INFO:colcon.colcon_core.shell:Creating environment descriptor '/home/ubuntu/MuWz-1_github-ws/ROS2_gazebo_learning/ros_ws/install/ros2_gazebo_template2/share/ros2_gazebo_template2/hook/cmake_prefix_path.dsv'
[170.719s] INFO:colcon.colcon_core.shell:Creating environment hook '/home/ubuntu/MuWz-1_github-ws/ROS2_gazebo_learning/ros_ws/install/ros2_gazebo_template2/share/ros2_gazebo_template2/hook/cmake_prefix_path.sh'
[170.719s] Level 1:colcon.colcon_core.environment:checking '/home/ubuntu/MuWz-1_github-ws/ROS2_gazebo_learning/ros_ws/install/ros2_gazebo_template2/bin'
[170.719s] Level 1:colcon.colcon_core.environment:checking '/home/ubuntu/MuWz-1_github-ws/ROS2_gazebo_learning/ros_ws/install/ros2_gazebo_template2/lib/pkgconfig/ros2_gazebo_template2.pc'
[170.720s] Level 1:colcon.colcon_core.environment:checking '/home/ubuntu/MuWz-1_github-ws/ROS2_gazebo_learning/ros_ws/install/ros2_gazebo_template2/lib/python3.10/site-packages'
[170.720s] Level 1:colcon.colcon_core.environment:checking '/home/ubuntu/MuWz-1_github-ws/ROS2_gazebo_learning/ros_ws/install/ros2_gazebo_template2/bin'
[170.720s] INFO:colcon.colcon_core.shell:Creating package script '/home/ubuntu/MuWz-1_github-ws/ROS2_gazebo_learning/ros_ws/install/ros2_gazebo_template2/share/ros2_gazebo_template2/package.ps1'
[170.721s] INFO:colcon.colcon_core.shell:Creating package descriptor '/home/ubuntu/MuWz-1_github-ws/ROS2_gazebo_learning/ros_ws/install/ros2_gazebo_template2/share/ros2_gazebo_template2/package.dsv'
[170.721s] INFO:colcon.colcon_core.shell:Creating package script '/home/ubuntu/MuWz-1_github-ws/ROS2_gazebo_learning/ros_ws/install/ros2_gazebo_template2/share/ros2_gazebo_template2/package.sh'
[170.721s] INFO:colcon.colcon_core.shell:Creating package script '/home/ubuntu/MuWz-1_github-ws/ROS2_gazebo_learning/ros_ws/install/ros2_gazebo_template2/share/ros2_gazebo_template2/package.bash'
[170.721s] INFO:colcon.colcon_core.shell:Creating package script '/home/ubuntu/MuWz-1_github-ws/ROS2_gazebo_learning/ros_ws/install/ros2_gazebo_template2/share/ros2_gazebo_template2/package.zsh'
[170.722s] Level 1:colcon.colcon_core.environment:create_file_with_runtime_dependencies(/home/ubuntu/MuWz-1_github-ws/ROS2_gazebo_learning/ros_ws/install/ros2_gazebo_template2/share/colcon-core/packages/ros2_gazebo_template2)
[170.722s] DEBUG:colcon.colcon_parallel_executor.executor.parallel:closing loop
[170.723s] DEBUG:colcon.colcon_parallel_executor.executor.parallel:loop closed
[170.723s] DEBUG:colcon.colcon_parallel_executor.executor.parallel:run_until_complete finished with '0'
[170.723s] DEBUG:colcon.colcon_core.event_reactor:joining thread
[170.882s] INFO:colcon.colcon_core.plugin_system:Skipping extension 'colcon_notification.desktop_notification.notify_send': Could not find 'notify-send'
[170.883s] INFO:colcon.colcon_core.plugin_system:Skipping extension 'colcon_notification.desktop_notification.terminal_notifier': Not used on non-Darwin systems
[170.883s] INFO:colcon.colcon_core.plugin_system:Skipping extension 'colcon_notification.desktop_notification.win32': Not used on non-Windows systems
[170.883s] INFO:colcon.colcon_notification.desktop_notification:Sending desktop notification using 'notify2'
[170.894s] DEBUG:colcon.colcon_notification.desktop_notification.notify2:Failed to initialize notify2: org.freedesktop.DBus.Error.ServiceUnknown: The name org.freedesktop.Notifications was not provided by any .service files
[170.894s] DEBUG:colcon.colcon_core.event_reactor:joined thread
[170.896s] INFO:colcon.colcon_core.shell:Creating prefix script '/home/ubuntu/MuWz-1_github-ws/ROS2_gazebo_learning/ros_ws/install/local_setup.ps1'
[170.897s] INFO:colcon.colcon_core.shell:Creating prefix util module '/home/ubuntu/MuWz-1_github-ws/ROS2_gazebo_learning/ros_ws/install/_local_setup_util_ps1.py'
[170.898s] INFO:colcon.colcon_core.shell:Creating prefix chain script '/home/ubuntu/MuWz-1_github-ws/ROS2_gazebo_learning/ros_ws/install/setup.ps1'
[170.900s] INFO:colcon.colcon_core.shell:Creating prefix script '/home/ubuntu/MuWz-1_github-ws/ROS2_gazebo_learning/ros_ws/install/local_setup.sh'
[170.900s] INFO:colcon.colcon_core.shell:Creating prefix util module '/home/ubuntu/MuWz-1_github-ws/ROS2_gazebo_learning/ros_ws/install/_local_setup_util_sh.py'
[170.901s] INFO:colcon.colcon_core.shell:Creating prefix chain script '/home/ubuntu/MuWz-1_github-ws/ROS2_gazebo_learning/ros_ws/install/setup.sh'
[170.902s] INFO:colcon.colcon_core.shell:Creating prefix script '/home/ubuntu/MuWz-1_github-ws/ROS2_gazebo_learning/ros_ws/install/local_setup.bash'
[170.902s] INFO:colcon.colcon_core.shell:Creating prefix chain script '/home/ubuntu/MuWz-1_github-ws/ROS2_gazebo_learning/ros_ws/install/setup.bash'
[170.903s] INFO:colcon.colcon_core.shell:Creating prefix script '/home/ubuntu/MuWz-1_github-ws/ROS2_gazebo_learning/ros_ws/install/local_setup.zsh'
[170.903s] INFO:colcon.colcon_core.shell:Creating prefix chain script '/home/ubuntu/MuWz-1_github-ws/ROS2_gazebo_learning/ros_ws/install/setup.zsh'
