[0.007s] Invoking command in '/home/ubuntu/ros_ws/build/ros2_gazebo_template': CMAKE_PREFIX_PATH=/opt/ros/humble /usr/bin/cmake --build /home/ubuntu/ros_ws/build/ros2_gazebo_template -- -j20 -l20
[0.021s] -- Found ament_cmake: 1.3.3 (/opt/ros/humble/share/ament_cmake/cmake)
[0.097s] -- Found ament_lint_auto: 0.12.5 (/opt/ros/humble/share/ament_lint_auto/cmake)
[0.396s] -- Found rosidl_generator_c: 3.1.4 (/opt/ros/humble/share/rosidl_generator_c/cmake)
[0.397s] -- Found rosidl_adapter: 3.1.4 (/opt/ros/humble/share/rosidl_adapter/cmake)
[0.401s] -- Found rosidl_generator_cpp: 3.1.4 (/opt/ros/humble/share/rosidl_generator_cpp/cmake)
[0.407s] -- Using all available rosidl_typesupport_c: rosidl_typesupport_fastrtps_c;rosidl_typesupport_introspection_c
[0.416s] -- Using all available rosidl_typesupport_cpp: rosidl_typesupport_fastrtps_cpp;rosidl_typesupport_introspection_cpp
[0.537s] -- Found gazebo_dev: 3.7.0 (/opt/ros/humble/share/gazebo_dev/cmake)
[0.553s] -- Found DART: /usr/include (Required is at least version "6.6") found components: dart 
[0.568s] -- Found Protobuf: /usr/lib/x86_64-linux-gnu/libprotobuf.so (found version "3.12.4") 
[0.569s] -- Looking for ignition-math6 -- found version 6.12.0
[0.571s] -- Searching for dependencies of ignition-math6
[0.573s] -- Looking for OGRE...
[0.576s] -- Found Ogre Ghadamon (1.9.0)
[0.576s] -- Found OGRE: optimized;/usr/lib/x86_64-linux-gnu/libOgreMain.so;debug;/usr/lib/x86_64-linux-gnu/libOgreMain.so
[0.582s] -- Looking for OGRE_Paging...
[0.582s] -- Found OGRE_Paging: optimized;/usr/lib/x86_64-linux-gnu/libOgrePaging.so;debug;/usr/lib/x86_64-linux-gnu/libOgrePaging.so
[0.582s] -- Looking for OGRE_Terrain...
[0.582s] -- Found OGRE_Terrain: optimized;/usr/lib/x86_64-linux-gnu/libOgreTerrain.so;debug;/usr/lib/x86_64-linux-gnu/libOgreTerrain.so
[0.582s] -- Looking for OGRE_Property...
[0.582s] -- Found OGRE_Property: optimized;/usr/lib/x86_64-linux-gnu/libOgreProperty.so;debug;/usr/lib/x86_64-linux-gnu/libOgreProperty.so
[0.582s] -- Looking for OGRE_RTShaderSystem...
[0.582s] -- Found OGRE_RTShaderSystem: optimized;/usr/lib/x86_64-linux-gnu/libOgreRTShaderSystem.so;debug;/usr/lib/x86_64-linux-gnu/libOgreRTShaderSystem.so
[0.582s] -- Looking for OGRE_Volume...
[0.582s] -- Found OGRE_Volume: optimized;/usr/lib/x86_64-linux-gnu/libOgreVolume.so;debug;/usr/lib/x86_64-linux-gnu/libOgreVolume.so
[0.582s] -- Looking for OGRE_Overlay...
[0.582s] -- Found OGRE_Overlay: optimized;/usr/lib/x86_64-linux-gnu/libOgreOverlay.so;debug;/usr/lib/x86_64-linux-gnu/libOgreOverlay.so
[38.283s] -- Looking for ignition-math6 -- found version 6.12.0
[38.283s] -- Looking for ignition-transport8 -- found version 8.2.1
[38.283s] -- Searching for dependencies of ignition-transport8
[40.636s] -- Found Protobuf: /usr/lib/x86_64-linux-gnu/libprotobuf.so (found suitable version "3.12.4", minimum required is "3") 
[42.961s] -- Config-file not installed for ZeroMQ -- checking for pkg-config
[42.964s] -- Checking for module 'libzmq >= 4'
[42.969s] --   Found libzmq , version 4.3.4
[42.986s] -- Checking for module 'uuid'
[42.990s] --   Found uuid, version 2.37.2
[43.003s] -- Looking for ignition-msgs5 -- found version 5.8.1
[43.003s] -- Searching for dependencies of ignition-msgs5
[45.448s] -- Looking for ignition-math6 -- found version 6.12.0
[45.450s] -- Checking for module 'tinyxml2'
[45.455s] --   Found tinyxml2, version 9.0.0
[45.467s] -- Looking for ignition-msgs5 -- found version 5.8.1
[45.467s] -- Looking for ignition-common3 -- found version 3.14.0
[45.467s] -- Searching for dependencies of ignition-common3
[45.468s] -- Looking for dlfcn.h - found
[45.468s] -- Looking for libdl - found
[45.621s] -- Searching for <ignition-common3> component [graphics]
[45.622s] -- Looking for ignition-common3-graphics -- found version 3.14.0
[45.622s] -- Searching for dependencies of ignition-common3-graphics
[45.622s] -- Looking for ignition-math6 -- found version 6.12.0
[45.623s] -- Looking for ignition-fuel_tools4 -- found version 4.4.0
[45.623s] -- Searching for dependencies of ignition-fuel_tools4
[48.239s] -- Checking for module 'jsoncpp'
[48.244s] --   Found jsoncpp, version 1.9.5
[48.259s] -- Checking for module 'libzip'
[48.264s] --   Found libzip, version 1.7.3
[48.276s] -- Looking for ignition-common3 -- found version 3.14.0
[48.276s] -- Looking for ignition-math6 -- found version 6.12.0
[48.276s] -- Looking for ignition-msgs5 -- found version 5.8.1
[48.277s] -- Gazebo version: 11.10
[48.278s] -- Found gazebo_msgs: 3.7.0 (/opt/ros/humble/share/gazebo_msgs/cmake)
[48.401s] -- Found gazebo_ros: 3.7.0 (/opt/ros/humble/share/gazebo_ros/cmake)
[48.430s] -- Found rmw_implementation_cmake: 6.1.1 (/opt/ros/humble/share/rmw_implementation_cmake/cmake)
[48.430s] -- Found rmw_fastrtps_cpp: 6.2.2 (/opt/ros/humble/share/rmw_fastrtps_cpp/cmake)
[57.974s] -- Using RMW implementation 'rmw_fastrtps_cpp' as default
[58.056s] -- Found camera_info_manager: 3.1.5 (/opt/ros/humble/share/camera_info_manager/cmake)
[58.080s] -- Found image_transport: 3.1.5 (/opt/ros/humble/share/image_transport/cmake)
[60.319s] -- Found nav_msgs: 4.2.3 (/opt/ros/humble/share/nav_msgs/cmake)
[60.367s] -- Found std_srvs: 4.2.3 (/opt/ros/humble/share/std_srvs/cmake)
[60.375s] -- Found tf2: 0.25.2 (/opt/ros/humble/share/tf2/cmake)
[60.379s] -- Found tf2_ros: 0.25.2 (/opt/ros/humble/share/tf2_ros/cmake)
[60.584s] -- Added test 'cppcheck' to perform static code analysis on C / C++ code
[60.584s] -- Configured cppcheck include dirs: /home/ubuntu/ros_ws/src/ros2_gazebo_template/include
[60.585s] -- Configured cppcheck exclude dirs and/or files: 
[60.585s] -- Added test 'lint_cmake' to check CMake code style
[60.585s] -- Added test 'uncrustify' to check C / C++ code style
[60.585s] -- Configured uncrustify additional arguments: 
[60.585s] -- Added test 'xmllint' to check XML markup files
[60.586s] -- Configuring done
[60.596s] -- Generating done
[60.598s] -- Build files have been written to: /home/ubuntu/ros_ws/build/ros2_gazebo_template
[60.614s] [35m[1mConsolidate compiler generated dependencies of target ros2_gazebo_template[0m
[60.630s] [ 50%] [32mBuilding CXX object CMakeFiles/ros2_gazebo_template.dir/src/ros2_gazebo_template.cpp.o[0m
[69.528s] [100%] [32m[1mLinking CXX shared library libros2_gazebo_template.so[0m
[70.056s] [100%] Built target ros2_gazebo_template
[70.069s] Invoked command in '/home/ubuntu/ros_ws/build/ros2_gazebo_template' returned '0': CMAKE_PREFIX_PATH=/opt/ros/humble /usr/bin/cmake --build /home/ubuntu/ros_ws/build/ros2_gazebo_template -- -j20 -l20
[70.086s] Invoking command in '/home/ubuntu/ros_ws/build/ros2_gazebo_template': CMAKE_PREFIX_PATH=/opt/ros/humble /usr/bin/cmake --install /home/ubuntu/ros_ws/build/ros2_gazebo_template
[70.089s] -- Install configuration: ""
[70.089s] -- Up-to-date: /home/ubuntu/ros_ws/install/ros2_gazebo_template/share/ros2_gazebo_template/environment/library_path.sh
[70.089s] -- Installing: /home/ubuntu/ros_ws/install/ros2_gazebo_template/share/ros2_gazebo_template/environment/library_path.dsv
[70.089s] -- Up-to-date: /home/ubuntu/ros_ws/install/ros2_gazebo_template/share/ament_index/resource_index/package_run_dependencies/ros2_gazebo_template
[70.089s] -- Up-to-date: /home/ubuntu/ros_ws/install/ros2_gazebo_template/share/ament_index/resource_index/parent_prefix_path/ros2_gazebo_template
[70.089s] -- Up-to-date: /home/ubuntu/ros_ws/install/ros2_gazebo_template/share/ros2_gazebo_template/environment/ament_prefix_path.sh
[70.089s] -- Installing: /home/ubuntu/ros_ws/install/ros2_gazebo_template/share/ros2_gazebo_template/environment/ament_prefix_path.dsv
[70.090s] -- Up-to-date: /home/ubuntu/ros_ws/install/ros2_gazebo_template/share/ros2_gazebo_template/environment/path.sh
[70.090s] -- Installing: /home/ubuntu/ros_ws/install/ros2_gazebo_template/share/ros2_gazebo_template/environment/path.dsv
[70.090s] -- Up-to-date: /home/ubuntu/ros_ws/install/ros2_gazebo_template/share/ros2_gazebo_template/local_setup.bash
[70.090s] -- Up-to-date: /home/ubuntu/ros_ws/install/ros2_gazebo_template/share/ros2_gazebo_template/local_setup.sh
[70.090s] -- Up-to-date: /home/ubuntu/ros_ws/install/ros2_gazebo_template/share/ros2_gazebo_template/local_setup.zsh
[70.090s] -- Installing: /home/ubuntu/ros_ws/install/ros2_gazebo_template/share/ros2_gazebo_template/local_setup.dsv
[70.090s] -- Installing: /home/ubuntu/ros_ws/install/ros2_gazebo_template/share/ros2_gazebo_template/package.dsv
[70.090s] -- Up-to-date: /home/ubuntu/ros_ws/install/ros2_gazebo_template/share/ament_index/resource_index/packages/ros2_gazebo_template
[70.090s] -- Up-to-date: /home/ubuntu/ros_ws/install/ros2_gazebo_template/share/ros2_gazebo_template/cmake/ament_cmake_export_libraries-extras.cmake
[70.090s] -- Up-to-date: /home/ubuntu/ros_ws/install/ros2_gazebo_template/share/ros2_gazebo_template/cmake/ament_cmake_export_include_directories-extras.cmake
[70.090s] -- Up-to-date: /home/ubuntu/ros_ws/install/ros2_gazebo_template/share/ros2_gazebo_template/cmake/ament_cmake_export_dependencies-extras.cmake
[70.090s] -- Up-to-date: /home/ubuntu/ros_ws/install/ros2_gazebo_template/share/ros2_gazebo_template/cmake/ros2_gazebo_templateConfig.cmake
[70.090s] -- Up-to-date: /home/ubuntu/ros_ws/install/ros2_gazebo_template/share/ros2_gazebo_template/cmake/ros2_gazebo_templateConfig-version.cmake
[70.090s] -- Up-to-date: /home/ubuntu/ros_ws/install/ros2_gazebo_template/share/ros2_gazebo_template/package.xml
[70.091s] Invoked command in '/home/ubuntu/ros_ws/build/ros2_gazebo_template' returned '0': CMAKE_PREFIX_PATH=/opt/ros/humble /usr/bin/cmake --install /home/ubuntu/ros_ws/build/ros2_gazebo_template
