[0.393s] Invoking command in '/home/ubuntu/ros_ws_python/src/dolly_control_pub': PYTHONPATH=/home/ubuntu/ros_ws_python/build/dolly_control_pub/prefix_override:/home/ubuntu/ros_ws_python/install/dolly_control_pub/lib/python3.10/site-packages:${PYTHONPATH} /usr/bin/python3 setup.py egg_info --egg-base ../../build/dolly_control_pub build --build-base /home/ubuntu/ros_ws_python/build/dolly_control_pub/build install --record /home/ubuntu/ros_ws_python/build/dolly_control_pub/install.log --single-version-externally-managed
[0.542s] running egg_info
[0.543s] writing ../../build/dolly_control_pub/dolly_control_pub.egg-info/PKG-INFO
[0.543s] writing dependency_links to ../../build/dolly_control_pub/dolly_control_pub.egg-info/dependency_links.txt
[0.544s] writing entry points to ../../build/dolly_control_pub/dolly_control_pub.egg-info/entry_points.txt
[0.544s] writing requirements to ../../build/dolly_control_pub/dolly_control_pub.egg-info/requires.txt
[0.545s] writing top-level names to ../../build/dolly_control_pub/dolly_control_pub.egg-info/top_level.txt
[0.547s] reading manifest file '../../build/dolly_control_pub/dolly_control_pub.egg-info/SOURCES.txt'
[0.547s] writing manifest file '../../build/dolly_control_pub/dolly_control_pub.egg-info/SOURCES.txt'
[0.548s] running build
[0.548s] running build_py
[0.548s] copying dolly_control_pub/pub_member_function.py -> /home/ubuntu/ros_ws_python/build/dolly_control_pub/build/lib/dolly_control_pub
[0.548s] running install
[0.548s] running install_lib
[0.548s] copying /home/ubuntu/ros_ws_python/build/dolly_control_pub/build/lib/dolly_control_pub/pub_member_function.py -> /home/ubuntu/ros_ws_python/install/dolly_control_pub/lib/python3.10/site-packages/dolly_control_pub
[0.549s] byte-compiling /home/ubuntu/ros_ws_python/install/dolly_control_pub/lib/python3.10/site-packages/dolly_control_pub/pub_member_function.py to pub_member_function.cpython-310.pyc
[0.549s] running install_data
[0.550s] running install_egg_info
[0.551s] removing '/home/ubuntu/ros_ws_python/install/dolly_control_pub/lib/python3.10/site-packages/dolly_control_pub-0.0.0-py3.10.egg-info' (and everything under it)
[0.552s] Copying ../../build/dolly_control_pub/dolly_control_pub.egg-info to /home/ubuntu/ros_ws_python/install/dolly_control_pub/lib/python3.10/site-packages/dolly_control_pub-0.0.0-py3.10.egg-info
[0.553s] running install_scripts
[0.571s] Installing talker script to /home/ubuntu/ros_ws_python/install/dolly_control_pub/lib/dolly_control_pub
[0.571s] writing list of installed files to '/home/ubuntu/ros_ws_python/build/dolly_control_pub/install.log'
[0.589s] Invoked command in '/home/ubuntu/ros_ws_python/src/dolly_control_pub' returned '0': PYTHONPATH=/home/ubuntu/ros_ws_python/build/dolly_control_pub/prefix_override:/home/ubuntu/ros_ws_python/install/dolly_control_pub/lib/python3.10/site-packages:${PYTHONPATH} /usr/bin/python3 setup.py egg_info --egg-base ../../build/dolly_control_pub build --build-base /home/ubuntu/ros_ws_python/build/dolly_control_pub/build install --record /home/ubuntu/ros_ws_python/build/dolly_control_pub/install.log --single-version-externally-managed
