running egg_info
creating ../../build/dolly_control_pub/dolly_control_pub.egg-info
writing ../../build/dolly_control_pub/dolly_control_pub.egg-info/PKG-INFO
writing dependency_links to ../../build/dolly_control_pub/dolly_control_pub.egg-info/dependency_links.txt
writing entry points to ../../build/dolly_control_pub/dolly_control_pub.egg-info/entry_points.txt
writing requirements to ../../build/dolly_control_pub/dolly_control_pub.egg-info/requires.txt
writing top-level names to ../../build/dolly_control_pub/dolly_control_pub.egg-info/top_level.txt
writing manifest file '../../build/dolly_control_pub/dolly_control_pub.egg-info/SOURCES.txt'
reading manifest file '../../build/dolly_control_pub/dolly_control_pub.egg-info/SOURCES.txt'
writing manifest file '../../build/dolly_control_pub/dolly_control_pub.egg-info/SOURCES.txt'
running build
running build_py
creating /home/ubuntu/ros_ws_python/build/dolly_control_pub/build
creating /home/ubuntu/ros_ws_python/build/dolly_control_pub/build/lib
creating /home/ubuntu/ros_ws_python/build/dolly_control_pub/build/lib/dolly_control_pub
copying dolly_control_pub/__init__.py -> /home/ubuntu/ros_ws_python/build/dolly_control_pub/build/lib/dolly_control_pub
copying dolly_control_pub/pub_member_function.py -> /home/ubuntu/ros_ws_python/build/dolly_control_pub/build/lib/dolly_control_pub
running install
running install_lib
creating /home/ubuntu/ros_ws_python/install/dolly_control_pub/lib/python3.10/site-packages/dolly_control_pub
copying /home/ubuntu/ros_ws_python/build/dolly_control_pub/build/lib/dolly_control_pub/__init__.py -> /home/ubuntu/ros_ws_python/install/dolly_control_pub/lib/python3.10/site-packages/dolly_control_pub
copying /home/ubuntu/ros_ws_python/build/dolly_control_pub/build/lib/dolly_control_pub/pub_member_function.py -> /home/ubuntu/ros_ws_python/install/dolly_control_pub/lib/python3.10/site-packages/dolly_control_pub
byte-compiling /home/ubuntu/ros_ws_python/install/dolly_control_pub/lib/python3.10/site-packages/dolly_control_pub/__init__.py to __init__.cpython-310.pyc
byte-compiling /home/ubuntu/ros_ws_python/install/dolly_control_pub/lib/python3.10/site-packages/dolly_control_pub/pub_member_function.py to pub_member_function.cpython-310.pyc
running install_data
creating /home/ubuntu/ros_ws_python/install/dolly_control_pub/share/ament_index
creating /home/ubuntu/ros_ws_python/install/dolly_control_pub/share/ament_index/resource_index
creating /home/ubuntu/ros_ws_python/install/dolly_control_pub/share/ament_index/resource_index/packages
copying resource/dolly_control_pub -> /home/ubuntu/ros_ws_python/install/dolly_control_pub/share/ament_index/resource_index/packages
copying package.xml -> /home/ubuntu/ros_ws_python/install/dolly_control_pub/share/dolly_control_pub
running install_egg_info
Copying ../../build/dolly_control_pub/dolly_control_pub.egg-info to /home/ubuntu/ros_ws_python/install/dolly_control_pub/lib/python3.10/site-packages/dolly_control_pub-0.0.0-py3.10.egg-info
running install_scripts
Installing talker script to /home/ubuntu/ros_ws_python/install/dolly_control_pub/lib/dolly_control_pub
writing list of installed files to '/home/ubuntu/ros_ws_python/build/dolly_control_pub/install.log'
