[01m[K/home/ubuntu/ros_ws/src/ros2_gazebo_template/src/ros2_gazebo_template.cpp:[m[K In constructor ‘[01m[Kgazebo::GazeboRosTemplate::GazeboRosTemplate()[m[K’:
[01m[K/home/ubuntu/ros_ws/src/ros2_gazebo_template/src/ros2_gazebo_template.cpp:26:42:[m[K [01;31m[Kerror: [m[K‘[01m[KGazeboRosTemplatePreivate[m[K’ was not declared in this scope; did you mean ‘[01m[KGazeboRosTemplatePrivate[m[K’?
   26 |                 : impl_(std::make_unique<[01;31m[KGazeboRosTemplatePreivate[m[K>())
      |                                          [01;31m[K^~~~~~~~~~~~~~~~~~~~~~~~~[m[K
      |                                          [32m[KGazeboRosTemplatePrivate[m[K
[01m[K/home/ubuntu/ros_ws/src/ros2_gazebo_template/src/ros2_gazebo_template.cpp:26:68:[m[K [01;31m[Kerror: [m[Kno matching function for call to ‘[01m[Kmake_unique<<expression error> >()[m[K’
   26 |                 : impl_([01;31m[Kstd::make_unique<GazeboRosTemplatePreivate>()[m[K)
      |                         [01;31m[K~~~~~~~~~~~~~~~~~~~~~~~~~~~~~~~~~~~~~~~~~~~^~[m[K
In file included from [01m[K/usr/include/c++/11/memory:76[m[K,
                 from [01m[K/usr/include/boost/function/function_base.hpp:16[m[K,
                 from [01m[K/usr/include/boost/function/detail/prologue.hpp:17[m[K,
                 from [01m[K/usr/include/boost/function.hpp:30[m[K,
                 from [01m[K/usr/include/gazebo-11/gazebo/physics/Model.hh:24[m[K,
                 from [01m[K/home/ubuntu/ros_ws/src/ros2_gazebo_template/src/ros2_gazebo_template.cpp:1[m[K:
[01m[K/usr/include/c++/11/bits/unique_ptr.h:961:5:[m[K [01;36m[Knote: [m[Kcandidate: ‘[01m[Ktemplate<class _Tp, class ... _Args> typename std::_MakeUniq<_Tp>::__single_object std::make_unique(_Args&& ...)[m[K’
  961 |     [01;36m[Kmake_unique[m[K(_Args&&... __args)
      |     [01;36m[K^~~~~~~~~~~[m[K
[01m[K/usr/include/c++/11/bits/unique_ptr.h:961:5:[m[K [01;36m[Knote: [m[K  template argument deduction/substitution failed:
[01m[K/home/ubuntu/ros_ws/src/ros2_gazebo_template/src/ros2_gazebo_template.cpp:26:68:[m[K [01;31m[Kerror: [m[Ktemplate argument 1 is invalid
   26 |                 : impl_([01;31m[Kstd::make_unique<GazeboRosTemplatePreivate>()[m[K)
      |                         [01;31m[K~~~~~~~~~~~~~~~~~~~~~~~~~~~~~~~~~~~~~~~~~~~^~[m[K
In file included from [01m[K/usr/include/c++/11/memory:76[m[K,
                 from [01m[K/usr/include/boost/function/function_base.hpp:16[m[K,
                 from [01m[K/usr/include/boost/function/detail/prologue.hpp:17[m[K,
                 from [01m[K/usr/include/boost/function.hpp:30[m[K,
                 from [01m[K/usr/include/gazebo-11/gazebo/physics/Model.hh:24[m[K,
                 from [01m[K/home/ubuntu/ros_ws/src/ros2_gazebo_template/src/ros2_gazebo_template.cpp:1[m[K:
[01m[K/usr/include/c++/11/bits/unique_ptr.h:967:5:[m[K [01;36m[Knote: [m[Kcandidate: ‘[01m[Ktemplate<class _Tp> typename std::_MakeUniq<_Tp>::__array std::make_unique(std::size_t)[m[K’
  967 |     [01;36m[Kmake_unique[m[K(size_t __num)
      |     [01;36m[K^~~~~~~~~~~[m[K
[01m[K/usr/include/c++/11/bits/unique_ptr.h:967:5:[m[K [01;36m[Knote: [m[K  template argument deduction/substitution failed:
[01m[K/home/ubuntu/ros_ws/src/ros2_gazebo_template/src/ros2_gazebo_template.cpp:26:68:[m[K [01;31m[Kerror: [m[Ktemplate argument 1 is invalid
   26 |                 : impl_([01;31m[Kstd::make_unique<GazeboRosTemplatePreivate>()[m[K)
      |                         [01;31m[K~~~~~~~~~~~~~~~~~~~~~~~~~~~~~~~~~~~~~~~~~~~^~[m[K
In file included from [01m[K/usr/include/c++/11/memory:76[m[K,
                 from [01m[K/usr/include/boost/function/function_base.hpp:16[m[K,
                 from [01m[K/usr/include/boost/function/detail/prologue.hpp:17[m[K,
                 from [01m[K/usr/include/boost/function.hpp:30[m[K,
                 from [01m[K/usr/include/gazebo-11/gazebo/physics/Model.hh:24[m[K,
                 from [01m[K/home/ubuntu/ros_ws/src/ros2_gazebo_template/src/ros2_gazebo_template.cpp:1[m[K:
[01m[K/usr/include/c++/11/bits/unique_ptr.h:973:5:[m[K [01;36m[Knote: [m[Kcandidate: ‘[01m[Ktemplate<class _Tp, class ... _Args> typename std::_MakeUniq<_Tp>::__invalid_type std::make_unique(_Args&& ...)[m[K’ (deleted)
  973 |     [01;36m[Kmake_unique[m[K(_Args&&...) = delete;
      |     [01;36m[K^~~~~~~~~~~[m[K
[01m[K/usr/include/c++/11/bits/unique_ptr.h:973:5:[m[K [01;36m[Knote: [m[K  template argument deduction/substitution failed:
[01m[K/home/ubuntu/ros_ws/src/ros2_gazebo_template/src/ros2_gazebo_template.cpp:26:68:[m[K [01;31m[Kerror: [m[Ktemplate argument 1 is invalid
   26 |                 : impl_([01;31m[Kstd::make_unique<GazeboRosTemplatePreivate>()[m[K)
      |                         [01;31m[K~~~~~~~~~~~~~~~~~~~~~~~~~~~~~~~~~~~~~~~~~~~^~[m[K
[01m[K/home/ubuntu/ros_ws/src/ros2_gazebo_template/src/ros2_gazebo_template.cpp:[m[K In member function ‘[01m[Kvirtual void gazebo::GazeboRosTemplate::Load(gazebo::physics::ModelPtr, sdf::v9::ElementPtr)[m[K’:
[01m[K/home/ubuntu/ros_ws/src/ros2_gazebo_template/src/ros2_gazebo_template.cpp:39:63:[m[K [01;31m[Kerror: [m[K‘[01m[Kget_qos[m[K’ was not declared in this scope
   39 |                 const gazebo_ros::QoS& qos = impl_->ros_node_>[01;31m[Kget_qos[m[K();
      |                                                               [01;31m[K^~~~~~~[m[K
[01m[K/home/ubuntu/ros_ws/src/ros2_gazebo_template/src/ros2_gazebo_template.cpp:60:67:[m[K [01;31m[Kerror: [m[K‘[01m[KConnectWorldUpdateBegin[m[K’ is not a member of ‘[01m[Kgazebo::event::Event[m[K’
   60 |                 impl_->update_connection_ = gazebo::event::Event::[01;31m[KConnectWorldUpdateBegin[m[K(
      |                                                                   [01;31m[K^~~~~~~~~~~~~~~~~~~~~~~[m[K
In file included from [01m[K/usr/include/gazebo-11/gazebo/plugins/ElevatorPlugin.hh:28[m[K,
                 from [01m[K/opt/ros/humble/include/gazebo_plugins/gazebo_ros_elevator.hpp:18[m[K,
                 from [01m[K/home/ubuntu/ros_ws/src/ros2_gazebo_template/src/ros2_gazebo_template.cpp:3[m[K:
[01m[K/home/ubuntu/ros_ws/src/ros2_gazebo_template/src/ros2_gazebo_template.cpp:[m[K In function ‘[01m[Kgazebo::ModelPlugin* gazebo::RegisterPlugin()[m[K’:
[01m[K/home/ubuntu/ros_ws/src/ros2_gazebo_template/src/ros2_gazebo_template.cpp:77:34:[m[K [01;31m[Kerror: [m[Kexpected type-specifier before ‘[01m[KGazeboTemplate[m[K’
   77 |         GZ_REGISTER_MODEL_PLUGIN([01;31m[KGazeboTemplate[m[K)
      |                                  [01;31m[K^~~~~~~~~~~~~~[m[K
[01m[K/usr/include/gazebo-11/gazebo/common/Plugin.hh:459:16:[m[K [01;36m[Knote: [m[Kin definition of macro ‘[01m[KGZ_REGISTER_MODEL_PLUGIN[m[K’
  459 |     return new [01;36m[Kclassname[m[K();\
      |                [01;36m[K^~~~~~~~~[m[K
[01m[K/home/ubuntu/ros_ws/src/ros2_gazebo_template/src/ros2_gazebo_template.cpp:77:34:[m[K [01;31m[Kerror: [m[Kexpected ‘[01m[K;[m[K’ before ‘[01m[KGazeboTemplate[m[K’
   77 |         GZ_REGISTER_MODEL_PLUGIN([01;31m[KGazeboTemplate[m[K)
      |                                  [01;31m[K^~~~~~~~~~~~~~[m[K
[01m[K/usr/include/gazebo-11/gazebo/common/Plugin.hh:459:16:[m[K [01;36m[Knote: [m[Kin definition of macro ‘[01m[KGZ_REGISTER_MODEL_PLUGIN[m[K’
  459 |     return new [01;36m[Kclassname[m[K();\
      |                [01;36m[K^~~~~~~~~[m[K
[01m[K/home/ubuntu/ros_ws/src/ros2_gazebo_template/src/ros2_gazebo_template.cpp:77:34:[m[K [01;31m[Kerror: [m[K‘[01m[KGazeboTemplate[m[K’ was not declared in this scope; did you mean ‘[01m[KGazeboRosTemplate[m[K’?
   77 |         GZ_REGISTER_MODEL_PLUGIN([01;31m[KGazeboTemplate[m[K)
      |                                  [01;31m[K^~~~~~~~~~~~~~[m[K
[01m[K/usr/include/gazebo-11/gazebo/common/Plugin.hh:459:16:[m[K [01;36m[Knote: [m[Kin definition of macro ‘[01m[KGZ_REGISTER_MODEL_PLUGIN[m[K’
  459 |     return new [01;36m[Kclassname[m[K();\
      |                [01;36m[K^~~~~~~~~[m[K
gmake[2]: *** [CMakeFiles/ros2_gazebo_template.dir/build.make:76：CMakeFiles/ros2_gazebo_template.dir/src/ros2_gazebo_template.cpp.o] 错误 1
gmake[1]: *** [CMakeFiles/Makefile2:137：CMakeFiles/ros2_gazebo_template.dir/all] 错误 2
gmake: *** [Makefile:146：all] 错误 2
